2015-08-02 11:21:26 Error: Fatal Error (1): Call to a member function newEntity() on a non-object in [C:\xampp\htdocs\school_club\src\Controller\Admin\UsersController.php, line 77]
Trace:
Cake\Error\BaseErrorHandler::handleFatalError() - CORE\src\Error\BaseErrorHandler.php, line 192
Cake\Error\BaseErrorHandler::Cake\Error\{closure}() - CORE\src\Error\BaseErrorHandler.php, line 91
[main] - [internal], line ??



2015-08-02 11:21:26 Error: [Cake\Error\FatalErrorException] Call to a member function newEntity() on a non-object
Request URL: /school_club/admin/users/add
Stack Trace:
#0 C:\xampp\htdocs\school_club\vendor\cakephp\cakephp\src\Error\BaseErrorHandler.php(91): Cake\Error\BaseErrorHandler->handleFatalError(1, 'Call to a membe...', 'C:\\xampp\\htdocs...', 77)
#1 [internal function]: Cake\Error\BaseErrorHandler->Cake\Error\{closure}()
#2 {main}


2015-08-02 11:21:39 Error: Fatal Error (1): Call to a member function newEntity() on a non-object in [C:\xampp\htdocs\school_club\src\Controller\Admin\UsersController.php, line 77]
Trace:
Cake\Error\BaseErrorHandler::handleFatalError() - CORE\src\Error\BaseErrorHandler.php, line 192
Cake\Error\BaseErrorHandler::Cake\Error\{closure}() - CORE\src\Error\BaseErrorHandler.php, line 91
[main] - [internal], line ??



2015-08-02 11:21:39 Error: [Cake\Error\FatalErrorException] Call to a member function newEntity() on a non-object
Request URL: /school_club/admin/users/add
Stack Trace:
#0 C:\xampp\htdocs\school_club\vendor\cakephp\cakephp\src\Error\BaseErrorHandler.php(91): Cake\Error\BaseErrorHandler->handleFatalError(1, 'Call to a membe...', 'C:\\xampp\\htdocs...', 77)
#1 [internal function]: Cake\Error\BaseErrorHandler->Cake\Error\{closure}()
#2 {main}


2015-08-02 11:21:48 Error: [PDOException] SQLSTATE[HY000] [1045] Access denied for user 'root'@'localhost' (using password: YES)
Request URL: /school_club/admin/Users/add
Stack Trace:
#0 C:\xampp\htdocs\school_club\vendor\cakephp\cakephp\src\Database\Driver\PDODriverTrait.php(48): PDO->__construct('mysql:host=loca...', 'root', 'admin', Array)
#1 C:\xampp\htdocs\school_club\vendor\cakephp\cakephp\src\Database\Driver\Mysql.php(89): Cake\Database\Driver\Mysql->_connect('mysql:host=loca...', Array)
#2 C:\xampp\htdocs\school_club\vendor\cakephp\cakephp\src\Database\Schema\BaseSchema.php(46): Cake\Database\Driver\Mysql->connect()
#3 C:\xampp\htdocs\school_club\vendor\cakephp\cakephp\src\Database\Dialect\MysqlDialectTrait.php(62): Cake\Database\Schema\BaseSchema->__construct(Object(Cake\Database\Driver\Mysql))
#4 C:\xampp\htdocs\school_club\vendor\cakephp\cakephp\src\Database\Schema\Collection.php(52): Cake\Database\Driver\Mysql->schemaDialect()
#5 C:\xampp\htdocs\school_club\vendor\cakephp\cakephp\src\Database\Schema\CachedCollection.php(44): Cake\Database\Schema\Collection->__construct(Object(Cake\Database\Connection))
#6 C:\xampp\htdocs\school_club\vendor\cakephp\cakephp\src\Database\Connection.php(319): Cake\Database\Schema\CachedCollection->__construct(Object(Cake\Database\Connection), true)
#7 C:\xampp\htdocs\school_club\vendor\cakephp\cakephp\src\ORM\Table.php(425): Cake\Database\Connection->schemaCollection()
#8 C:\xampp\htdocs\school_club\vendor\cakephp\cakephp\src\View\Form\EntityContext.php(462): Cake\ORM\Table->schema()
#9 C:\xampp\htdocs\school_club\vendor\cakephp\cakephp\src\View\Helper\FormHelper.php(1172): Cake\View\Form\EntityContext->type('email')
#10 C:\xampp\htdocs\school_club\vendor\cakephp\cakephp\src\View\Helper\FormHelper.php(1144): Cake\View\Helper\FormHelper->_inputType('email', Array)
#11 C:\xampp\htdocs\school_club\vendor\cakephp\cakephp\src\View\Helper\FormHelper.php(1004): Cake\View\Helper\FormHelper->_parseOptions('email', Array)
#12 C:\xampp\htdocs\school_club\src\Template\Admin\Users\add.ctp(17): Cake\View\Helper\FormHelper->input('email')
#13 C:\xampp\htdocs\school_club\vendor\cakephp\cakephp\src\View\View.php(834): include('C:\\xampp\\htdocs...')
#14 C:\xampp\htdocs\school_club\vendor\cakephp\cakephp\src\View\View.php(794): Cake\View\View->_evaluate('C:\\xampp\\htdocs...', Array)
#15 C:\xampp\htdocs\school_club\vendor\cakephp\cakephp\src\View\View.php(465): Cake\View\View->_render('C:\\xampp\\htdocs...')
#16 C:\xampp\htdocs\school_club\vendor\cakephp\cakephp\src\Controller\Controller.php(582): Cake\View\View->render(NULL, NULL)
#17 C:\xampp\htdocs\school_club\vendor\cakephp\cakephp\src\Routing\Dispatcher.php(120): Cake\Controller\Controller->render()
#18 C:\xampp\htdocs\school_club\vendor\cakephp\cakephp\src\Routing\Dispatcher.php(87): Cake\Routing\Dispatcher->_invoke(Object(App\Controller\Admin\UsersController))
#19 C:\xampp\htdocs\school_club\webroot\index.php(37): Cake\Routing\Dispatcher->dispatch(Object(Cake\Network\Request), Object(Cake\Network\Response))
#20 {main}


2015-08-02 11:26:36 Error: Fatal Error (1): Call to a member function newEntity() on a non-object in [C:\xampp\htdocs\school_club\src\Controller\Admin\UsersController.php, line 77]
Trace:
Cake\Error\BaseErrorHandler::handleFatalError() - CORE\src\Error\BaseErrorHandler.php, line 192
Cake\Error\BaseErrorHandler::Cake\Error\{closure}() - CORE\src\Error\BaseErrorHandler.php, line 91
[main] - [internal], line ??



2015-08-02 11:26:36 Error: [Cake\Error\FatalErrorException] Call to a member function newEntity() on a non-object
Request URL: /school_club/admin/users/add
Stack Trace:
#0 C:\xampp\htdocs\school_club\vendor\cakephp\cakephp\src\Error\BaseErrorHandler.php(91): Cake\Error\BaseErrorHandler->handleFatalError(1, 'Call to a membe...', 'C:\\xampp\\htdocs...', 77)
#1 [internal function]: Cake\Error\BaseErrorHandler->Cake\Error\{closure}()
#2 {main}


2015-08-02 11:30:18 Error: Fatal Error (1): Class 'App\Model\Entity\DefaultPasswordHasher' not found in [C:\xampp\htdocs\school_club\src\Model\Entity\User.php, line 32]
Trace:
Cake\Error\BaseErrorHandler::handleFatalError() - CORE\src\Error\BaseErrorHandler.php, line 192
Cake\Error\BaseErrorHandler::Cake\Error\{closure}() - CORE\src\Error\BaseErrorHandler.php, line 91
[main] - [internal], line ??



2015-08-02 11:30:19 Error: [Cake\Error\FatalErrorException] Class 'App\Model\Entity\DefaultPasswordHasher' not found
Request URL: /school_club/admin/Users/add
Stack Trace:
#0 C:\xampp\htdocs\school_club\vendor\cakephp\cakephp\src\Error\BaseErrorHandler.php(91): Cake\Error\BaseErrorHandler->handleFatalError(1, 'Class 'App\\Mode...', 'C:\\xampp\\htdocs...', 32)
#1 [internal function]: Cake\Error\BaseErrorHandler->Cake\Error\{closure}()
#2 {main}


2015-08-02 12:33:10 Error: [Cake\Controller\Exception\MissingActionException] Action UsersController::assets() could not be found, or is not accessible.
Exception Attributes: array (
  'controller' => 'UsersController',
  'action' => 'assets',
  'prefix' => 'admin',
  'plugin' => NULL,
)
Request URL: /school_club/admin/Users/assets/img/logo.png
Stack Trace:
#0 C:\xampp\htdocs\school_club\vendor\cakephp\cakephp\src\Routing\Dispatcher.php(114): Cake\Controller\Controller->invokeAction()
#1 C:\xampp\htdocs\school_club\vendor\cakephp\cakephp\src\Routing\Dispatcher.php(87): Cake\Routing\Dispatcher->_invoke(Object(App\Controller\Admin\UsersController))
#2 C:\xampp\htdocs\school_club\webroot\index.php(37): Cake\Routing\Dispatcher->dispatch(Object(Cake\Network\Request), Object(Cake\Network\Response))
#3 {main}


2015-08-02 12:33:11 Error: [Cake\Controller\Exception\MissingActionException] Action UsersController::assets() could not be found, or is not accessible.
Exception Attributes: array (
  'controller' => 'UsersController',
  'action' => 'assets',
  'prefix' => 'admin',
  'plugin' => NULL,
)
Request URL: /school_club/admin/Users/assets/img/avatar1.jpg
Stack Trace:
#0 C:\xampp\htdocs\school_club\vendor\cakephp\cakephp\src\Routing\Dispatcher.php(114): Cake\Controller\Controller->invokeAction()
#1 C:\xampp\htdocs\school_club\vendor\cakephp\cakephp\src\Routing\Dispatcher.php(87): Cake\Routing\Dispatcher->_invoke(Object(App\Controller\Admin\UsersController))
#2 C:\xampp\htdocs\school_club\webroot\index.php(37): Cake\Routing\Dispatcher->dispatch(Object(Cake\Network\Request), Object(Cake\Network\Response))
#3 {main}


2015-08-02 12:33:11 Error: [Cake\Controller\Exception\MissingActionException] Action UsersController::assets() could not be found, or is not accessible.
Exception Attributes: array (
  'controller' => 'UsersController',
  'action' => 'assets',
  'prefix' => 'admin',
  'plugin' => NULL,
)
Request URL: /school_club/admin/Users/assets/img/menu-toggler.png
Stack Trace:
#0 C:\xampp\htdocs\school_club\vendor\cakephp\cakephp\src\Routing\Dispatcher.php(114): Cake\Controller\Controller->invokeAction()
#1 C:\xampp\htdocs\school_club\vendor\cakephp\cakephp\src\Routing\Dispatcher.php(87): Cake\Routing\Dispatcher->_invoke(Object(App\Controller\Admin\UsersController))
#2 C:\xampp\htdocs\school_club\webroot\index.php(37): Cake\Routing\Dispatcher->dispatch(Object(Cake\Network\Request), Object(Cake\Network\Response))
#3 {main}


2015-08-02 12:33:12 Error: [Cake\Controller\Exception\MissingActionException] Action UsersController::assets() could not be found, or is not accessible.
Exception Attributes: array (
  'controller' => 'UsersController',
  'action' => 'assets',
  'prefix' => 'admin',
  'plugin' => NULL,
)
Request URL: /school_club/admin/Users/assets/img/avatar3.jpg
Stack Trace:
#0 C:\xampp\htdocs\school_club\vendor\cakephp\cakephp\src\Routing\Dispatcher.php(114): Cake\Controller\Controller->invokeAction()
#1 C:\xampp\htdocs\school_club\vendor\cakephp\cakephp\src\Routing\Dispatcher.php(87): Cake\Routing\Dispatcher->_invoke(Object(App\Controller\Admin\UsersController))
#2 C:\xampp\htdocs\school_club\webroot\index.php(37): Cake\Routing\Dispatcher->dispatch(Object(Cake\Network\Request), Object(Cake\Network\Response))
#3 {main}


2015-08-02 12:33:12 Error: [Cake\Controller\Exception\MissingActionException] Action UsersController::assets() could not be found, or is not accessible.
Exception Attributes: array (
  'controller' => 'UsersController',
  'action' => 'assets',
  'prefix' => 'admin',
  'plugin' => NULL,
)
Request URL: /school_club/admin/Users/assets/img/avatar2.jpg
Stack Trace:
#0 C:\xampp\htdocs\school_club\vendor\cakephp\cakephp\src\Routing\Dispatcher.php(114): Cake\Controller\Controller->invokeAction()
#1 C:\xampp\htdocs\school_club\vendor\cakephp\cakephp\src\Routing\Dispatcher.php(87): Cake\Routing\Dispatcher->_invoke(Object(App\Controller\Admin\UsersController))
#2 C:\xampp\htdocs\school_club\webroot\index.php(37): Cake\Routing\Dispatcher->dispatch(Object(Cake\Network\Request), Object(Cake\Network\Response))
#3 {main}


2015-08-02 12:33:13 Error: [Cake\Controller\Exception\MissingActionException] Action UsersController::assets() could not be found, or is not accessible.
Exception Attributes: array (
  'controller' => 'UsersController',
  'action' => 'assets',
  'prefix' => 'admin',
  'plugin' => NULL,
)
Request URL: /school_club/admin/Users/assets/img/avatar1_small.jpg
Stack Trace:
#0 C:\xampp\htdocs\school_club\vendor\cakephp\cakephp\src\Routing\Dispatcher.php(114): Cake\Controller\Controller->invokeAction()
#1 C:\xampp\htdocs\school_club\vendor\cakephp\cakephp\src\Routing\Dispatcher.php(87): Cake\Routing\Dispatcher->_invoke(Object(App\Controller\Admin\UsersController))
#2 C:\xampp\htdocs\school_club\webroot\index.php(37): Cake\Routing\Dispatcher->dispatch(Object(Cake\Network\Request), Object(Cake\Network\Response))
#3 {main}


2015-08-02 12:35:20 Error: [Cake\Controller\Exception\MissingActionException] Action UsersController::assets() could not be found, or is not accessible.
Exception Attributes: array (
  'controller' => 'UsersController',
  'action' => 'assets',
  'prefix' => 'admin',
  'plugin' => NULL,
)
Request URL: /school_club/admin/Users/assets/img/logo.png
Stack Trace:
#0 C:\xampp\htdocs\school_club\vendor\cakephp\cakephp\src\Routing\Dispatcher.php(114): Cake\Controller\Controller->invokeAction()
#1 C:\xampp\htdocs\school_club\vendor\cakephp\cakephp\src\Routing\Dispatcher.php(87): Cake\Routing\Dispatcher->_invoke(Object(App\Controller\Admin\UsersController))
#2 C:\xampp\htdocs\school_club\webroot\index.php(37): Cake\Routing\Dispatcher->dispatch(Object(Cake\Network\Request), Object(Cake\Network\Response))
#3 {main}


2015-08-02 12:35:21 Error: [Cake\Controller\Exception\MissingActionException] Action UsersController::assets() could not be found, or is not accessible.
Exception Attributes: array (
  'controller' => 'UsersController',
  'action' => 'assets',
  'prefix' => 'admin',
  'plugin' => NULL,
)
Request URL: /school_club/admin/Users/assets/img/menu-toggler.png
Stack Trace:
#0 C:\xampp\htdocs\school_club\vendor\cakephp\cakephp\src\Routing\Dispatcher.php(114): Cake\Controller\Controller->invokeAction()
#1 C:\xampp\htdocs\school_club\vendor\cakephp\cakephp\src\Routing\Dispatcher.php(87): Cake\Routing\Dispatcher->_invoke(Object(App\Controller\Admin\UsersController))
#2 C:\xampp\htdocs\school_club\webroot\index.php(37): Cake\Routing\Dispatcher->dispatch(Object(Cake\Network\Request), Object(Cake\Network\Response))
#3 {main}


2015-08-02 12:35:21 Error: [Cake\Controller\Exception\MissingActionException] Action UsersController::assets() could not be found, or is not accessible.
Exception Attributes: array (
  'controller' => 'UsersController',
  'action' => 'assets',
  'prefix' => 'admin',
  'plugin' => NULL,
)
Request URL: /school_club/admin/Users/assets/img/avatar1_small.jpg
Stack Trace:
#0 C:\xampp\htdocs\school_club\vendor\cakephp\cakephp\src\Routing\Dispatcher.php(114): Cake\Controller\Controller->invokeAction()
#1 C:\xampp\htdocs\school_club\vendor\cakephp\cakephp\src\Routing\Dispatcher.php(87): Cake\Routing\Dispatcher->_invoke(Object(App\Controller\Admin\UsersController))
#2 C:\xampp\htdocs\school_club\webroot\index.php(37): Cake\Routing\Dispatcher->dispatch(Object(Cake\Network\Request), Object(Cake\Network\Response))
#3 {main}


2015-08-02 12:35:21 Error: [Cake\Controller\Exception\MissingActionException] Action UsersController::assets() could not be found, or is not accessible.
Exception Attributes: array (
  'controller' => 'UsersController',
  'action' => 'assets',
  'prefix' => 'admin',
  'plugin' => NULL,
)
Request URL: /school_club/admin/Users/assets/img/avatar2.jpg
Stack Trace:
#0 C:\xampp\htdocs\school_club\vendor\cakephp\cakephp\src\Routing\Dispatcher.php(114): Cake\Controller\Controller->invokeAction()
#1 C:\xampp\htdocs\school_club\vendor\cakephp\cakephp\src\Routing\Dispatcher.php(87): Cake\Routing\Dispatcher->_invoke(Object(App\Controller\Admin\UsersController))
#2 C:\xampp\htdocs\school_club\webroot\index.php(37): Cake\Routing\Dispatcher->dispatch(Object(Cake\Network\Request), Object(Cake\Network\Response))
#3 {main}


2015-08-02 12:35:22 Error: [Cake\Controller\Exception\MissingActionException] Action UsersController::assets() could not be found, or is not accessible.
Exception Attributes: array (
  'controller' => 'UsersController',
  'action' => 'assets',
  'prefix' => 'admin',
  'plugin' => NULL,
)
Request URL: /school_club/admin/Users/assets/img/avatar3.jpg
Stack Trace:
#0 C:\xampp\htdocs\school_club\vendor\cakephp\cakephp\src\Routing\Dispatcher.php(114): Cake\Controller\Controller->invokeAction()
#1 C:\xampp\htdocs\school_club\vendor\cakephp\cakephp\src\Routing\Dispatcher.php(87): Cake\Routing\Dispatcher->_invoke(Object(App\Controller\Admin\UsersController))
#2 C:\xampp\htdocs\school_club\webroot\index.php(37): Cake\Routing\Dispatcher->dispatch(Object(Cake\Network\Request), Object(Cake\Network\Response))
#3 {main}


2015-08-02 12:35:22 Error: [Cake\Controller\Exception\MissingActionException] Action UsersController::assets() could not be found, or is not accessible.
Exception Attributes: array (
  'controller' => 'UsersController',
  'action' => 'assets',
  'prefix' => 'admin',
  'plugin' => NULL,
)
Request URL: /school_club/admin/Users/assets/img/avatar1.jpg
Stack Trace:
#0 C:\xampp\htdocs\school_club\vendor\cakephp\cakephp\src\Routing\Dispatcher.php(114): Cake\Controller\Controller->invokeAction()
#1 C:\xampp\htdocs\school_club\vendor\cakephp\cakephp\src\Routing\Dispatcher.php(87): Cake\Routing\Dispatcher->_invoke(Object(App\Controller\Admin\UsersController))
#2 C:\xampp\htdocs\school_club\webroot\index.php(37): Cake\Routing\Dispatcher->dispatch(Object(Cake\Network\Request), Object(Cake\Network\Response))
#3 {main}


2015-08-02 12:36:16 Error: [Cake\Controller\Exception\MissingActionException] Action UsersController::assets() could not be found, or is not accessible.
Exception Attributes: array (
  'controller' => 'UsersController',
  'action' => 'assets',
  'prefix' => 'admin',
  'plugin' => NULL,
)
Request URL: /school_club/admin/Users/assets/img/menu-toggler.png
Stack Trace:
#0 C:\xampp\htdocs\school_club\vendor\cakephp\cakephp\src\Routing\Dispatcher.php(114): Cake\Controller\Controller->invokeAction()
#1 C:\xampp\htdocs\school_club\vendor\cakephp\cakephp\src\Routing\Dispatcher.php(87): Cake\Routing\Dispatcher->_invoke(Object(App\Controller\Admin\UsersController))
#2 C:\xampp\htdocs\school_club\webroot\index.php(37): Cake\Routing\Dispatcher->dispatch(Object(Cake\Network\Request), Object(Cake\Network\Response))
#3 {main}


2015-08-02 12:36:17 Error: [Cake\Controller\Exception\MissingActionException] Action UsersController::assets() could not be found, or is not accessible.
Exception Attributes: array (
  'controller' => 'UsersController',
  'action' => 'assets',
  'prefix' => 'admin',
  'plugin' => NULL,
)
Request URL: /school_club/admin/Users/assets/img/avatar3.jpg
Stack Trace:
#0 C:\xampp\htdocs\school_club\vendor\cakephp\cakephp\src\Routing\Dispatcher.php(114): Cake\Controller\Controller->invokeAction()
#1 C:\xampp\htdocs\school_club\vendor\cakephp\cakephp\src\Routing\Dispatcher.php(87): Cake\Routing\Dispatcher->_invoke(Object(App\Controller\Admin\UsersController))
#2 C:\xampp\htdocs\school_club\webroot\index.php(37): Cake\Routing\Dispatcher->dispatch(Object(Cake\Network\Request), Object(Cake\Network\Response))
#3 {main}


2015-08-02 12:36:17 Error: [Cake\Controller\Exception\MissingActionException] Action UsersController::assets() could not be found, or is not accessible.
Exception Attributes: array (
  'controller' => 'UsersController',
  'action' => 'assets',
  'prefix' => 'admin',
  'plugin' => NULL,
)
Request URL: /school_club/admin/Users/assets/img/avatar1.jpg
Stack Trace:
#0 C:\xampp\htdocs\school_club\vendor\cakephp\cakephp\src\Routing\Dispatcher.php(114): Cake\Controller\Controller->invokeAction()
#1 C:\xampp\htdocs\school_club\vendor\cakephp\cakephp\src\Routing\Dispatcher.php(87): Cake\Routing\Dispatcher->_invoke(Object(App\Controller\Admin\UsersController))
#2 C:\xampp\htdocs\school_club\webroot\index.php(37): Cake\Routing\Dispatcher->dispatch(Object(Cake\Network\Request), Object(Cake\Network\Response))
#3 {main}


2015-08-02 12:36:18 Error: [Cake\Controller\Exception\MissingActionException] Action UsersController::assets() could not be found, or is not accessible.
Exception Attributes: array (
  'controller' => 'UsersController',
  'action' => 'assets',
  'prefix' => 'admin',
  'plugin' => NULL,
)
Request URL: /school_club/admin/Users/assets/img/avatar1_small.jpg
Stack Trace:
#0 C:\xampp\htdocs\school_club\vendor\cakephp\cakephp\src\Routing\Dispatcher.php(114): Cake\Controller\Controller->invokeAction()
#1 C:\xampp\htdocs\school_club\vendor\cakephp\cakephp\src\Routing\Dispatcher.php(87): Cake\Routing\Dispatcher->_invoke(Object(App\Controller\Admin\UsersController))
#2 C:\xampp\htdocs\school_club\webroot\index.php(37): Cake\Routing\Dispatcher->dispatch(Object(Cake\Network\Request), Object(Cake\Network\Response))
#3 {main}


2015-08-02 12:36:18 Error: [Cake\Controller\Exception\MissingActionException] Action UsersController::assets() could not be found, or is not accessible.
Exception Attributes: array (
  'controller' => 'UsersController',
  'action' => 'assets',
  'prefix' => 'admin',
  'plugin' => NULL,
)
Request URL: /school_club/admin/Users/assets/img/logo.png
Stack Trace:
#0 C:\xampp\htdocs\school_club\vendor\cakephp\cakephp\src\Routing\Dispatcher.php(114): Cake\Controller\Controller->invokeAction()
#1 C:\xampp\htdocs\school_club\vendor\cakephp\cakephp\src\Routing\Dispatcher.php(87): Cake\Routing\Dispatcher->_invoke(Object(App\Controller\Admin\UsersController))
#2 C:\xampp\htdocs\school_club\webroot\index.php(37): Cake\Routing\Dispatcher->dispatch(Object(Cake\Network\Request), Object(Cake\Network\Response))
#3 {main}


2015-08-02 12:36:19 Error: [Cake\Controller\Exception\MissingActionException] Action UsersController::assets() could not be found, or is not accessible.
Exception Attributes: array (
  'controller' => 'UsersController',
  'action' => 'assets',
  'prefix' => 'admin',
  'plugin' => NULL,
)
Request URL: /school_club/admin/Users/assets/img/avatar2.jpg
Stack Trace:
#0 C:\xampp\htdocs\school_club\vendor\cakephp\cakephp\src\Routing\Dispatcher.php(114): Cake\Controller\Controller->invokeAction()
#1 C:\xampp\htdocs\school_club\vendor\cakephp\cakephp\src\Routing\Dispatcher.php(87): Cake\Routing\Dispatcher->_invoke(Object(App\Controller\Admin\UsersController))
#2 C:\xampp\htdocs\school_club\webroot\index.php(37): Cake\Routing\Dispatcher->dispatch(Object(Cake\Network\Request), Object(Cake\Network\Response))
#3 {main}


2015-08-02 12:36:26 Error: [Cake\Controller\Exception\MissingActionException] Action UsersController::assets() could not be found, or is not accessible.
Exception Attributes: array (
  'controller' => 'UsersController',
  'action' => 'assets',
  'prefix' => 'admin',
  'plugin' => NULL,
)
Request URL: /school_club/admin/Users/assets/img/logo.png
Stack Trace:
#0 C:\xampp\htdocs\school_club\vendor\cakephp\cakephp\src\Routing\Dispatcher.php(114): Cake\Controller\Controller->invokeAction()
#1 C:\xampp\htdocs\school_club\vendor\cakephp\cakephp\src\Routing\Dispatcher.php(87): Cake\Routing\Dispatcher->_invoke(Object(App\Controller\Admin\UsersController))
#2 C:\xampp\htdocs\school_club\webroot\index.php(37): Cake\Routing\Dispatcher->dispatch(Object(Cake\Network\Request), Object(Cake\Network\Response))
#3 {main}


2015-08-02 12:36:27 Error: [Cake\Controller\Exception\MissingActionException] Action UsersController::assets() could not be found, or is not accessible.
Exception Attributes: array (
  'controller' => 'UsersController',
  'action' => 'assets',
  'prefix' => 'admin',
  'plugin' => NULL,
)
Request URL: /school_club/admin/Users/assets/img/avatar2.jpg
Stack Trace:
#0 C:\xampp\htdocs\school_club\vendor\cakephp\cakephp\src\Routing\Dispatcher.php(114): Cake\Controller\Controller->invokeAction()
#1 C:\xampp\htdocs\school_club\vendor\cakephp\cakephp\src\Routing\Dispatcher.php(87): Cake\Routing\Dispatcher->_invoke(Object(App\Controller\Admin\UsersController))
#2 C:\xampp\htdocs\school_club\webroot\index.php(37): Cake\Routing\Dispatcher->dispatch(Object(Cake\Network\Request), Object(Cake\Network\Response))
#3 {main}


2015-08-02 12:36:28 Error: [Cake\Controller\Exception\MissingActionException] Action UsersController::assets() could not be found, or is not accessible.
Exception Attributes: array (
  'controller' => 'UsersController',
  'action' => 'assets',
  'prefix' => 'admin',
  'plugin' => NULL,
)
Request URL: /school_club/admin/Users/assets/img/avatar3.jpg
Stack Trace:
#0 C:\xampp\htdocs\school_club\vendor\cakephp\cakephp\src\Routing\Dispatcher.php(114): Cake\Controller\Controller->invokeAction()
#1 C:\xampp\htdocs\school_club\vendor\cakephp\cakephp\src\Routing\Dispatcher.php(87): Cake\Routing\Dispatcher->_invoke(Object(App\Controller\Admin\UsersController))
#2 C:\xampp\htdocs\school_club\webroot\index.php(37): Cake\Routing\Dispatcher->dispatch(Object(Cake\Network\Request), Object(Cake\Network\Response))
#3 {main}


2015-08-02 12:36:28 Error: [Cake\Controller\Exception\MissingActionException] Action UsersController::assets() could not be found, or is not accessible.
Exception Attributes: array (
  'controller' => 'UsersController',
  'action' => 'assets',
  'prefix' => 'admin',
  'plugin' => NULL,
)
Request URL: /school_club/admin/Users/assets/img/menu-toggler.png
Stack Trace:
#0 C:\xampp\htdocs\school_club\vendor\cakephp\cakephp\src\Routing\Dispatcher.php(114): Cake\Controller\Controller->invokeAction()
#1 C:\xampp\htdocs\school_club\vendor\cakephp\cakephp\src\Routing\Dispatcher.php(87): Cake\Routing\Dispatcher->_invoke(Object(App\Controller\Admin\UsersController))
#2 C:\xampp\htdocs\school_club\webroot\index.php(37): Cake\Routing\Dispatcher->dispatch(Object(Cake\Network\Request), Object(Cake\Network\Response))
#3 {main}


2015-08-02 12:36:29 Error: [Cake\Controller\Exception\MissingActionException] Action UsersController::assets() could not be found, or is not accessible.
Exception Attributes: array (
  'controller' => 'UsersController',
  'action' => 'assets',
  'prefix' => 'admin',
  'plugin' => NULL,
)
Request URL: /school_club/admin/Users/assets/img/avatar1.jpg
Stack Trace:
#0 C:\xampp\htdocs\school_club\vendor\cakephp\cakephp\src\Routing\Dispatcher.php(114): Cake\Controller\Controller->invokeAction()
#1 C:\xampp\htdocs\school_club\vendor\cakephp\cakephp\src\Routing\Dispatcher.php(87): Cake\Routing\Dispatcher->_invoke(Object(App\Controller\Admin\UsersController))
#2 C:\xampp\htdocs\school_club\webroot\index.php(37): Cake\Routing\Dispatcher->dispatch(Object(Cake\Network\Request), Object(Cake\Network\Response))
#3 {main}


2015-08-02 12:36:29 Error: [Cake\Controller\Exception\MissingActionException] Action UsersController::assets() could not be found, or is not accessible.
Exception Attributes: array (
  'controller' => 'UsersController',
  'action' => 'assets',
  'prefix' => 'admin',
  'plugin' => NULL,
)
Request URL: /school_club/admin/Users/assets/img/avatar1_small.jpg
Stack Trace:
#0 C:\xampp\htdocs\school_club\vendor\cakephp\cakephp\src\Routing\Dispatcher.php(114): Cake\Controller\Controller->invokeAction()
#1 C:\xampp\htdocs\school_club\vendor\cakephp\cakephp\src\Routing\Dispatcher.php(87): Cake\Routing\Dispatcher->_invoke(Object(App\Controller\Admin\UsersController))
#2 C:\xampp\htdocs\school_club\webroot\index.php(37): Cake\Routing\Dispatcher->dispatch(Object(Cake\Network\Request), Object(Cake\Network\Response))
#3 {main}


2015-08-02 12:36:52 Error: [Cake\Controller\Exception\MissingActionException] Action UsersController::assets() could not be found, or is not accessible.
Exception Attributes: array (
  'controller' => 'UsersController',
  'action' => 'assets',
  'prefix' => 'admin',
  'plugin' => NULL,
)
Request URL: /school_club/admin/Users/assets/img/avatar3.jpg
Stack Trace:
#0 C:\xampp\htdocs\school_club\vendor\cakephp\cakephp\src\Routing\Dispatcher.php(114): Cake\Controller\Controller->invokeAction()
#1 C:\xampp\htdocs\school_club\vendor\cakephp\cakephp\src\Routing\Dispatcher.php(87): Cake\Routing\Dispatcher->_invoke(Object(App\Controller\Admin\UsersController))
#2 C:\xampp\htdocs\school_club\webroot\index.php(37): Cake\Routing\Dispatcher->dispatch(Object(Cake\Network\Request), Object(Cake\Network\Response))
#3 {main}


2015-08-02 12:36:53 Error: [Cake\Controller\Exception\MissingActionException] Action UsersController::assets() could not be found, or is not accessible.
Exception Attributes: array (
  'controller' => 'UsersController',
  'action' => 'assets',
  'prefix' => 'admin',
  'plugin' => NULL,
)
Request URL: /school_club/admin/Users/assets/img/menu-toggler.png
Stack Trace:
#0 C:\xampp\htdocs\school_club\vendor\cakephp\cakephp\src\Routing\Dispatcher.php(114): Cake\Controller\Controller->invokeAction()
#1 C:\xampp\htdocs\school_club\vendor\cakephp\cakephp\src\Routing\Dispatcher.php(87): Cake\Routing\Dispatcher->_invoke(Object(App\Controller\Admin\UsersController))
#2 C:\xampp\htdocs\school_club\webroot\index.php(37): Cake\Routing\Dispatcher->dispatch(Object(Cake\Network\Request), Object(Cake\Network\Response))
#3 {main}


2015-08-02 12:36:54 Error: [Cake\Controller\Exception\MissingActionException] Action UsersController::assets() could not be found, or is not accessible.
Exception Attributes: array (
  'controller' => 'UsersController',
  'action' => 'assets',
  'prefix' => 'admin',
  'plugin' => NULL,
)
Request URL: /school_club/admin/Users/assets/img/logo.png
Stack Trace:
#0 C:\xampp\htdocs\school_club\vendor\cakephp\cakephp\src\Routing\Dispatcher.php(114): Cake\Controller\Controller->invokeAction()
#1 C:\xampp\htdocs\school_club\vendor\cakephp\cakephp\src\Routing\Dispatcher.php(87): Cake\Routing\Dispatcher->_invoke(Object(App\Controller\Admin\UsersController))
#2 C:\xampp\htdocs\school_club\webroot\index.php(37): Cake\Routing\Dispatcher->dispatch(Object(Cake\Network\Request), Object(Cake\Network\Response))
#3 {main}


2015-08-02 12:36:55 Error: [Cake\Controller\Exception\MissingActionException] Action UsersController::assets() could not be found, or is not accessible.
Exception Attributes: array (
  'controller' => 'UsersController',
  'action' => 'assets',
  'prefix' => 'admin',
  'plugin' => NULL,
)
Request URL: /school_club/admin/Users/assets/img/avatar1_small.jpg
Stack Trace:
#0 C:\xampp\htdocs\school_club\vendor\cakephp\cakephp\src\Routing\Dispatcher.php(114): Cake\Controller\Controller->invokeAction()
#1 C:\xampp\htdocs\school_club\vendor\cakephp\cakephp\src\Routing\Dispatcher.php(87): Cake\Routing\Dispatcher->_invoke(Object(App\Controller\Admin\UsersController))
#2 C:\xampp\htdocs\school_club\webroot\index.php(37): Cake\Routing\Dispatcher->dispatch(Object(Cake\Network\Request), Object(Cake\Network\Response))
#3 {main}


2015-08-02 12:36:55 Error: [Cake\Controller\Exception\MissingActionException] Action UsersController::assets() could not be found, or is not accessible.
Exception Attributes: array (
  'controller' => 'UsersController',
  'action' => 'assets',
  'prefix' => 'admin',
  'plugin' => NULL,
)
Request URL: /school_club/admin/Users/assets/img/avatar2.jpg
Stack Trace:
#0 C:\xampp\htdocs\school_club\vendor\cakephp\cakephp\src\Routing\Dispatcher.php(114): Cake\Controller\Controller->invokeAction()
#1 C:\xampp\htdocs\school_club\vendor\cakephp\cakephp\src\Routing\Dispatcher.php(87): Cake\Routing\Dispatcher->_invoke(Object(App\Controller\Admin\UsersController))
#2 C:\xampp\htdocs\school_club\webroot\index.php(37): Cake\Routing\Dispatcher->dispatch(Object(Cake\Network\Request), Object(Cake\Network\Response))
#3 {main}


2015-08-02 12:36:56 Error: [Cake\Controller\Exception\MissingActionException] Action UsersController::assets() could not be found, or is not accessible.
Exception Attributes: array (
  'controller' => 'UsersController',
  'action' => 'assets',
  'prefix' => 'admin',
  'plugin' => NULL,
)
Request URL: /school_club/admin/Users/assets/img/avatar1.jpg
Stack Trace:
#0 C:\xampp\htdocs\school_club\vendor\cakephp\cakephp\src\Routing\Dispatcher.php(114): Cake\Controller\Controller->invokeAction()
#1 C:\xampp\htdocs\school_club\vendor\cakephp\cakephp\src\Routing\Dispatcher.php(87): Cake\Routing\Dispatcher->_invoke(Object(App\Controller\Admin\UsersController))
#2 C:\xampp\htdocs\school_club\webroot\index.php(37): Cake\Routing\Dispatcher->dispatch(Object(Cake\Network\Request), Object(Cake\Network\Response))
#3 {main}


2015-08-02 12:42:19 Error: [Cake\Controller\Exception\MissingActionException] Action UsersController::assets() could not be found, or is not accessible.
Exception Attributes: array (
  'controller' => 'UsersController',
  'action' => 'assets',
  'prefix' => 'admin',
  'plugin' => NULL,
)
Request URL: /school_club/admin/Users/assets/img/avatar1_small.jpg
Stack Trace:
#0 C:\xampp\htdocs\school_club\vendor\cakephp\cakephp\src\Routing\Dispatcher.php(114): Cake\Controller\Controller->invokeAction()
#1 C:\xampp\htdocs\school_club\vendor\cakephp\cakephp\src\Routing\Dispatcher.php(87): Cake\Routing\Dispatcher->_invoke(Object(App\Controller\Admin\UsersController))
#2 C:\xampp\htdocs\school_club\webroot\index.php(37): Cake\Routing\Dispatcher->dispatch(Object(Cake\Network\Request), Object(Cake\Network\Response))
#3 {main}


2015-08-02 12:42:20 Error: [Cake\Controller\Exception\MissingActionException] Action UsersController::assets() could not be found, or is not accessible.
Exception Attributes: array (
  'controller' => 'UsersController',
  'action' => 'assets',
  'prefix' => 'admin',
  'plugin' => NULL,
)
Request URL: /school_club/admin/Users/assets/img/avatar2.jpg
Stack Trace:
#0 C:\xampp\htdocs\school_club\vendor\cakephp\cakephp\src\Routing\Dispatcher.php(114): Cake\Controller\Controller->invokeAction()
#1 C:\xampp\htdocs\school_club\vendor\cakephp\cakephp\src\Routing\Dispatcher.php(87): Cake\Routing\Dispatcher->_invoke(Object(App\Controller\Admin\UsersController))
#2 C:\xampp\htdocs\school_club\webroot\index.php(37): Cake\Routing\Dispatcher->dispatch(Object(Cake\Network\Request), Object(Cake\Network\Response))
#3 {main}


2015-08-02 12:42:21 Error: [Cake\Controller\Exception\MissingActionException] Action UsersController::assets() could not be found, or is not accessible.
Exception Attributes: array (
  'controller' => 'UsersController',
  'action' => 'assets',
  'prefix' => 'admin',
  'plugin' => NULL,
)
Request URL: /school_club/admin/Users/assets/img/menu-toggler.png
Stack Trace:
#0 C:\xampp\htdocs\school_club\vendor\cakephp\cakephp\src\Routing\Dispatcher.php(114): Cake\Controller\Controller->invokeAction()
#1 C:\xampp\htdocs\school_club\vendor\cakephp\cakephp\src\Routing\Dispatcher.php(87): Cake\Routing\Dispatcher->_invoke(Object(App\Controller\Admin\UsersController))
#2 C:\xampp\htdocs\school_club\webroot\index.php(37): Cake\Routing\Dispatcher->dispatch(Object(Cake\Network\Request), Object(Cake\Network\Response))
#3 {main}


2015-08-02 12:42:21 Error: [Cake\Controller\Exception\MissingActionException] Action UsersController::assets() could not be found, or is not accessible.
Exception Attributes: array (
  'controller' => 'UsersController',
  'action' => 'assets',
  'prefix' => 'admin',
  'plugin' => NULL,
)
Request URL: /school_club/admin/Users/assets/img/logo.png
Stack Trace:
#0 C:\xampp\htdocs\school_club\vendor\cakephp\cakephp\src\Routing\Dispatcher.php(114): Cake\Controller\Controller->invokeAction()
#1 C:\xampp\htdocs\school_club\vendor\cakephp\cakephp\src\Routing\Dispatcher.php(87): Cake\Routing\Dispatcher->_invoke(Object(App\Controller\Admin\UsersController))
#2 C:\xampp\htdocs\school_club\webroot\index.php(37): Cake\Routing\Dispatcher->dispatch(Object(Cake\Network\Request), Object(Cake\Network\Response))
#3 {main}


2015-08-02 12:42:22 Error: [Cake\Controller\Exception\MissingActionException] Action UsersController::assets() could not be found, or is not accessible.
Exception Attributes: array (
  'controller' => 'UsersController',
  'action' => 'assets',
  'prefix' => 'admin',
  'plugin' => NULL,
)
Request URL: /school_club/admin/Users/assets/img/avatar1.jpg
Stack Trace:
#0 C:\xampp\htdocs\school_club\vendor\cakephp\cakephp\src\Routing\Dispatcher.php(114): Cake\Controller\Controller->invokeAction()
#1 C:\xampp\htdocs\school_club\vendor\cakephp\cakephp\src\Routing\Dispatcher.php(87): Cake\Routing\Dispatcher->_invoke(Object(App\Controller\Admin\UsersController))
#2 C:\xampp\htdocs\school_club\webroot\index.php(37): Cake\Routing\Dispatcher->dispatch(Object(Cake\Network\Request), Object(Cake\Network\Response))
#3 {main}


2015-08-02 12:42:23 Error: [Cake\Controller\Exception\MissingActionException] Action UsersController::assets() could not be found, or is not accessible.
Exception Attributes: array (
  'controller' => 'UsersController',
  'action' => 'assets',
  'prefix' => 'admin',
  'plugin' => NULL,
)
Request URL: /school_club/admin/Users/assets/img/avatar3.jpg
Stack Trace:
#0 C:\xampp\htdocs\school_club\vendor\cakephp\cakephp\src\Routing\Dispatcher.php(114): Cake\Controller\Controller->invokeAction()
#1 C:\xampp\htdocs\school_club\vendor\cakephp\cakephp\src\Routing\Dispatcher.php(87): Cake\Routing\Dispatcher->_invoke(Object(App\Controller\Admin\UsersController))
#2 C:\xampp\htdocs\school_club\webroot\index.php(37): Cake\Routing\Dispatcher->dispatch(Object(Cake\Network\Request), Object(Cake\Network\Response))
#3 {main}


2015-08-02 12:42:23 Error: [Cake\Routing\Exception\MissingControllerException] Controller class assest could not be found.
Exception Attributes: array (
  'class' => 'assest',
  'plugin' => NULL,
  'prefix' => 'admin',
  '_ext' => NULL,
)
Request URL: /school_club/admin/assest/bootstrap-toggle-buttons/static/js/jquery.toggle.buttons.js
Stack Trace:
#0 C:\xampp\htdocs\school_club\webroot\index.php(37): Cake\Routing\Dispatcher->dispatch(Object(Cake\Network\Request), Object(Cake\Network\Response))
#1 {main}


2015-08-02 12:46:14 Error: [Cake\Routing\Exception\MissingControllerException] Controller class assets could not be found.
Exception Attributes: array (
  'class' => 'assets',
  'plugin' => NULL,
  'prefix' => 'admin',
  '_ext' => NULL,
)
Request URL: /school_club/admin/assets/bootstrap-timepicker/js/bootstrap-timepicker.css
Stack Trace:
#0 C:\xampp\htdocs\school_club\webroot\index.php(37): Cake\Routing\Dispatcher->dispatch(Object(Cake\Network\Request), Object(Cake\Network\Response))
#1 {main}


2015-08-02 12:46:14 Error: [Cake\Routing\Exception\MissingControllerException] Controller class assets could not be found.
Exception Attributes: array (
  'class' => 'assets',
  'plugin' => NULL,
  'prefix' => 'admin',
  '_ext' => NULL,
)
Request URL: /school_club/admin/assets/clockface/js/clockface.css
Stack Trace:
#0 C:\xampp\htdocs\school_club\webroot\index.php(37): Cake\Routing\Dispatcher->dispatch(Object(Cake\Network\Request), Object(Cake\Network\Response))
#1 {main}


2015-08-02 12:46:15 Error: [Cake\Routing\Exception\MissingControllerException] Controller class assets could not be found.
Exception Attributes: array (
  'class' => 'assets',
  'plugin' => NULL,
  'prefix' => 'admin',
  '_ext' => NULL,
)
Request URL: /school_club/admin/assets/bootstrap-colorpicker/js/bootstrap-colorpicker.css
Stack Trace:
#0 C:\xampp\htdocs\school_club\webroot\index.php(37): Cake\Routing\Dispatcher->dispatch(Object(Cake\Network\Request), Object(Cake\Network\Response))
#1 {main}


2015-08-02 12:46:16 Error: [Cake\Routing\Exception\MissingControllerException] Controller class assest could not be found.
Exception Attributes: array (
  'class' => 'assest',
  'plugin' => NULL,
  'prefix' => 'admin',
  '_ext' => NULL,
)
Request URL: /school_club/admin/assest/bootstrap-toggle-buttons/static/js/jquery.toggle.buttons.js
Stack Trace:
#0 C:\xampp\htdocs\school_club\webroot\index.php(37): Cake\Routing\Dispatcher->dispatch(Object(Cake\Network\Request), Object(Cake\Network\Response))
#1 {main}


2015-08-02 12:46:17 Error: [Cake\Controller\Exception\MissingActionException] Action UsersController::assets() could not be found, or is not accessible.
Exception Attributes: array (
  'controller' => 'UsersController',
  'action' => 'assets',
  'prefix' => 'admin',
  'plugin' => NULL,
)
Request URL: /school_club/admin/Users/assets/img/logo.png
Stack Trace:
#0 C:\xampp\htdocs\school_club\vendor\cakephp\cakephp\src\Routing\Dispatcher.php(114): Cake\Controller\Controller->invokeAction()
#1 C:\xampp\htdocs\school_club\vendor\cakephp\cakephp\src\Routing\Dispatcher.php(87): Cake\Routing\Dispatcher->_invoke(Object(App\Controller\Admin\UsersController))
#2 C:\xampp\htdocs\school_club\webroot\index.php(37): Cake\Routing\Dispatcher->dispatch(Object(Cake\Network\Request), Object(Cake\Network\Response))
#3 {main}


2015-08-02 12:46:18 Error: [Cake\Controller\Exception\MissingActionException] Action UsersController::assets() could not be found, or is not accessible.
Exception Attributes: array (
  'controller' => 'UsersController',
  'action' => 'assets',
  'prefix' => 'admin',
  'plugin' => NULL,
)
Request URL: /school_club/admin/Users/assets/img/avatar2.jpg
Stack Trace:
#0 C:\xampp\htdocs\school_club\vendor\cakephp\cakephp\src\Routing\Dispatcher.php(114): Cake\Controller\Controller->invokeAction()
#1 C:\xampp\htdocs\school_club\vendor\cakephp\cakephp\src\Routing\Dispatcher.php(87): Cake\Routing\Dispatcher->_invoke(Object(App\Controller\Admin\UsersController))
#2 C:\xampp\htdocs\school_club\webroot\index.php(37): Cake\Routing\Dispatcher->dispatch(Object(Cake\Network\Request), Object(Cake\Network\Response))
#3 {main}


2015-08-02 12:46:18 Error: [Cake\Controller\Exception\MissingActionException] Action UsersController::assets() could not be found, or is not accessible.
Exception Attributes: array (
  'controller' => 'UsersController',
  'action' => 'assets',
  'prefix' => 'admin',
  'plugin' => NULL,
)
Request URL: /school_club/admin/Users/assets/img/menu-toggler.png
Stack Trace:
#0 C:\xampp\htdocs\school_club\vendor\cakephp\cakephp\src\Routing\Dispatcher.php(114): Cake\Controller\Controller->invokeAction()
#1 C:\xampp\htdocs\school_club\vendor\cakephp\cakephp\src\Routing\Dispatcher.php(87): Cake\Routing\Dispatcher->_invoke(Object(App\Controller\Admin\UsersController))
#2 C:\xampp\htdocs\school_club\webroot\index.php(37): Cake\Routing\Dispatcher->dispatch(Object(Cake\Network\Request), Object(Cake\Network\Response))
#3 {main}


2015-08-02 12:46:19 Error: [Cake\Controller\Exception\MissingActionException] Action UsersController::assets() could not be found, or is not accessible.
Exception Attributes: array (
  'controller' => 'UsersController',
  'action' => 'assets',
  'prefix' => 'admin',
  'plugin' => NULL,
)
Request URL: /school_club/admin/Users/assets/img/avatar3.jpg
Stack Trace:
#0 C:\xampp\htdocs\school_club\vendor\cakephp\cakephp\src\Routing\Dispatcher.php(114): Cake\Controller\Controller->invokeAction()
#1 C:\xampp\htdocs\school_club\vendor\cakephp\cakephp\src\Routing\Dispatcher.php(87): Cake\Routing\Dispatcher->_invoke(Object(App\Controller\Admin\UsersController))
#2 C:\xampp\htdocs\school_club\webroot\index.php(37): Cake\Routing\Dispatcher->dispatch(Object(Cake\Network\Request), Object(Cake\Network\Response))
#3 {main}


2015-08-02 12:46:19 Error: [Cake\Controller\Exception\MissingActionException] Action UsersController::assets() could not be found, or is not accessible.
Exception Attributes: array (
  'controller' => 'UsersController',
  'action' => 'assets',
  'prefix' => 'admin',
  'plugin' => NULL,
)
Request URL: /school_club/admin/Users/assets/img/avatar1.jpg
Stack Trace:
#0 C:\xampp\htdocs\school_club\vendor\cakephp\cakephp\src\Routing\Dispatcher.php(114): Cake\Controller\Controller->invokeAction()
#1 C:\xampp\htdocs\school_club\vendor\cakephp\cakephp\src\Routing\Dispatcher.php(87): Cake\Routing\Dispatcher->_invoke(Object(App\Controller\Admin\UsersController))
#2 C:\xampp\htdocs\school_club\webroot\index.php(37): Cake\Routing\Dispatcher->dispatch(Object(Cake\Network\Request), Object(Cake\Network\Response))
#3 {main}


2015-08-02 12:46:20 Error: [Cake\Controller\Exception\MissingActionException] Action UsersController::assets() could not be found, or is not accessible.
Exception Attributes: array (
  'controller' => 'UsersController',
  'action' => 'assets',
  'prefix' => 'admin',
  'plugin' => NULL,
)
Request URL: /school_club/admin/Users/assets/img/avatar1_small.jpg
Stack Trace:
#0 C:\xampp\htdocs\school_club\vendor\cakephp\cakephp\src\Routing\Dispatcher.php(114): Cake\Controller\Controller->invokeAction()
#1 C:\xampp\htdocs\school_club\vendor\cakephp\cakephp\src\Routing\Dispatcher.php(87): Cake\Routing\Dispatcher->_invoke(Object(App\Controller\Admin\UsersController))
#2 C:\xampp\htdocs\school_club\webroot\index.php(37): Cake\Routing\Dispatcher->dispatch(Object(Cake\Network\Request), Object(Cake\Network\Response))
#3 {main}


2015-08-02 12:46:20 Error: [Cake\Routing\Exception\MissingControllerException] Controller class assest could not be found.
Exception Attributes: array (
  'class' => 'assest',
  'plugin' => NULL,
  'prefix' => 'admin',
  '_ext' => NULL,
)
Request URL: /school_club/admin/assest/bootstrap-toggle-buttons/static/js/jquery.toggle.buttons.js
Stack Trace:
#0 C:\xampp\htdocs\school_club\webroot\index.php(37): Cake\Routing\Dispatcher->dispatch(Object(Cake\Network\Request), Object(Cake\Network\Response))
#1 {main}


2015-08-02 12:47:52 Error: [Cake\Controller\Exception\MissingActionException] Action UsersController::assets() could not be found, or is not accessible.
Exception Attributes: array (
  'controller' => 'UsersController',
  'action' => 'assets',
  'prefix' => 'admin',
  'plugin' => NULL,
)
Request URL: /school_club/admin/Users/assets/img/logo-big.png
Stack Trace:
#0 C:\xampp\htdocs\school_club\vendor\cakephp\cakephp\src\Routing\Dispatcher.php(114): Cake\Controller\Controller->invokeAction()
#1 C:\xampp\htdocs\school_club\vendor\cakephp\cakephp\src\Routing\Dispatcher.php(87): Cake\Routing\Dispatcher->_invoke(Object(App\Controller\Admin\UsersController))
#2 C:\xampp\htdocs\school_club\webroot\index.php(37): Cake\Routing\Dispatcher->dispatch(Object(Cake\Network\Request), Object(Cake\Network\Response))
#3 {main}


2015-08-02 12:48:00 Error: [Cake\Controller\Exception\MissingActionException] Action UsersController::assets() could not be found, or is not accessible.
Exception Attributes: array (
  'controller' => 'UsersController',
  'action' => 'assets',
  'prefix' => 'admin',
  'plugin' => NULL,
)
Request URL: /school_club/admin/Users/assets/img/logo-big.png
Stack Trace:
#0 C:\xampp\htdocs\school_club\vendor\cakephp\cakephp\src\Routing\Dispatcher.php(114): Cake\Controller\Controller->invokeAction()
#1 C:\xampp\htdocs\school_club\vendor\cakephp\cakephp\src\Routing\Dispatcher.php(87): Cake\Routing\Dispatcher->_invoke(Object(App\Controller\Admin\UsersController))
#2 C:\xampp\htdocs\school_club\webroot\index.php(37): Cake\Routing\Dispatcher->dispatch(Object(Cake\Network\Request), Object(Cake\Network\Response))
#3 {main}


2015-08-02 12:48:10 Error: [Cake\Controller\Exception\MissingActionException] Action UsersController::assets() could not be found, or is not accessible.
Exception Attributes: array (
  'controller' => 'UsersController',
  'action' => 'assets',
  'prefix' => 'admin',
  'plugin' => NULL,
)
Request URL: /school_club/admin/Users/assets/img/logo-big.png
Stack Trace:
#0 C:\xampp\htdocs\school_club\vendor\cakephp\cakephp\src\Routing\Dispatcher.php(114): Cake\Controller\Controller->invokeAction()
#1 C:\xampp\htdocs\school_club\vendor\cakephp\cakephp\src\Routing\Dispatcher.php(87): Cake\Routing\Dispatcher->_invoke(Object(App\Controller\Admin\UsersController))
#2 C:\xampp\htdocs\school_club\webroot\index.php(37): Cake\Routing\Dispatcher->dispatch(Object(Cake\Network\Request), Object(Cake\Network\Response))
#3 {main}


2015-08-02 12:48:14 Error: [Cake\Controller\Exception\MissingActionException] Action UsersController::assets() could not be found, or is not accessible.
Exception Attributes: array (
  'controller' => 'UsersController',
  'action' => 'assets',
  'prefix' => 'admin',
  'plugin' => NULL,
)
Request URL: /school_club/admin/Users/assets/img/logo-big.png
Stack Trace:
#0 C:\xampp\htdocs\school_club\vendor\cakephp\cakephp\src\Routing\Dispatcher.php(114): Cake\Controller\Controller->invokeAction()
#1 C:\xampp\htdocs\school_club\vendor\cakephp\cakephp\src\Routing\Dispatcher.php(87): Cake\Routing\Dispatcher->_invoke(Object(App\Controller\Admin\UsersController))
#2 C:\xampp\htdocs\school_club\webroot\index.php(37): Cake\Routing\Dispatcher->dispatch(Object(Cake\Network\Request), Object(Cake\Network\Response))
#3 {main}


2015-08-02 12:48:19 Error: [Cake\Controller\Exception\MissingActionException] Action UsersController::assets() could not be found, or is not accessible.
Exception Attributes: array (
  'controller' => 'UsersController',
  'action' => 'assets',
  'prefix' => 'admin',
  'plugin' => NULL,
)
Request URL: /school_club/admin/Users/assets/img/avatar1.jpg
Stack Trace:
#0 C:\xampp\htdocs\school_club\vendor\cakephp\cakephp\src\Routing\Dispatcher.php(114): Cake\Controller\Controller->invokeAction()
#1 C:\xampp\htdocs\school_club\vendor\cakephp\cakephp\src\Routing\Dispatcher.php(87): Cake\Routing\Dispatcher->_invoke(Object(App\Controller\Admin\UsersController))
#2 C:\xampp\htdocs\school_club\webroot\index.php(37): Cake\Routing\Dispatcher->dispatch(Object(Cake\Network\Request), Object(Cake\Network\Response))
#3 {main}


2015-08-02 12:48:20 Error: [Cake\Controller\Exception\MissingActionException] Action UsersController::assets() could not be found, or is not accessible.
Exception Attributes: array (
  'controller' => 'UsersController',
  'action' => 'assets',
  'prefix' => 'admin',
  'plugin' => NULL,
)
Request URL: /school_club/admin/Users/assets/img/avatar2.jpg
Stack Trace:
#0 C:\xampp\htdocs\school_club\vendor\cakephp\cakephp\src\Routing\Dispatcher.php(114): Cake\Controller\Controller->invokeAction()
#1 C:\xampp\htdocs\school_club\vendor\cakephp\cakephp\src\Routing\Dispatcher.php(87): Cake\Routing\Dispatcher->_invoke(Object(App\Controller\Admin\UsersController))
#2 C:\xampp\htdocs\school_club\webroot\index.php(37): Cake\Routing\Dispatcher->dispatch(Object(Cake\Network\Request), Object(Cake\Network\Response))
#3 {main}


2015-08-02 12:48:21 Error: [Cake\Controller\Exception\MissingActionException] Action UsersController::assets() could not be found, or is not accessible.
Exception Attributes: array (
  'controller' => 'UsersController',
  'action' => 'assets',
  'prefix' => 'admin',
  'plugin' => NULL,
)
Request URL: /school_club/admin/Users/assets/img/logo.png
Stack Trace:
#0 C:\xampp\htdocs\school_club\vendor\cakephp\cakephp\src\Routing\Dispatcher.php(114): Cake\Controller\Controller->invokeAction()
#1 C:\xampp\htdocs\school_club\vendor\cakephp\cakephp\src\Routing\Dispatcher.php(87): Cake\Routing\Dispatcher->_invoke(Object(App\Controller\Admin\UsersController))
#2 C:\xampp\htdocs\school_club\webroot\index.php(37): Cake\Routing\Dispatcher->dispatch(Object(Cake\Network\Request), Object(Cake\Network\Response))
#3 {main}


2015-08-02 12:48:21 Error: [Cake\Controller\Exception\MissingActionException] Action UsersController::assets() could not be found, or is not accessible.
Exception Attributes: array (
  'controller' => 'UsersController',
  'action' => 'assets',
  'prefix' => 'admin',
  'plugin' => NULL,
)
Request URL: /school_club/admin/Users/assets/img/avatar3.jpg
Stack Trace:
#0 C:\xampp\htdocs\school_club\vendor\cakephp\cakephp\src\Routing\Dispatcher.php(114): Cake\Controller\Controller->invokeAction()
#1 C:\xampp\htdocs\school_club\vendor\cakephp\cakephp\src\Routing\Dispatcher.php(87): Cake\Routing\Dispatcher->_invoke(Object(App\Controller\Admin\UsersController))
#2 C:\xampp\htdocs\school_club\webroot\index.php(37): Cake\Routing\Dispatcher->dispatch(Object(Cake\Network\Request), Object(Cake\Network\Response))
#3 {main}


2015-08-02 12:48:22 Error: [Cake\Controller\Exception\MissingActionException] Action UsersController::assets() could not be found, or is not accessible.
Exception Attributes: array (
  'controller' => 'UsersController',
  'action' => 'assets',
  'prefix' => 'admin',
  'plugin' => NULL,
)
Request URL: /school_club/admin/Users/assets/img/menu-toggler.png
Stack Trace:
#0 C:\xampp\htdocs\school_club\vendor\cakephp\cakephp\src\Routing\Dispatcher.php(114): Cake\Controller\Controller->invokeAction()
#1 C:\xampp\htdocs\school_club\vendor\cakephp\cakephp\src\Routing\Dispatcher.php(87): Cake\Routing\Dispatcher->_invoke(Object(App\Controller\Admin\UsersController))
#2 C:\xampp\htdocs\school_club\webroot\index.php(37): Cake\Routing\Dispatcher->dispatch(Object(Cake\Network\Request), Object(Cake\Network\Response))
#3 {main}


2015-08-02 12:48:22 Error: [Cake\Controller\Exception\MissingActionException] Action UsersController::assets() could not be found, or is not accessible.
Exception Attributes: array (
  'controller' => 'UsersController',
  'action' => 'assets',
  'prefix' => 'admin',
  'plugin' => NULL,
)
Request URL: /school_club/admin/Users/assets/img/avatar1_small.jpg
Stack Trace:
#0 C:\xampp\htdocs\school_club\vendor\cakephp\cakephp\src\Routing\Dispatcher.php(114): Cake\Controller\Controller->invokeAction()
#1 C:\xampp\htdocs\school_club\vendor\cakephp\cakephp\src\Routing\Dispatcher.php(87): Cake\Routing\Dispatcher->_invoke(Object(App\Controller\Admin\UsersController))
#2 C:\xampp\htdocs\school_club\webroot\index.php(37): Cake\Routing\Dispatcher->dispatch(Object(Cake\Network\Request), Object(Cake\Network\Response))
#3 {main}


2015-08-02 12:48:44 Error: [Cake\Controller\Exception\MissingActionException] Action UsersController::assets() could not be found, or is not accessible.
Exception Attributes: array (
  'controller' => 'UsersController',
  'action' => 'assets',
  'prefix' => 'admin',
  'plugin' => NULL,
)
Request URL: /school_club/admin/Users/assets/img/logo-big.png
Stack Trace:
#0 C:\xampp\htdocs\school_club\vendor\cakephp\cakephp\src\Routing\Dispatcher.php(114): Cake\Controller\Controller->invokeAction()
#1 C:\xampp\htdocs\school_club\vendor\cakephp\cakephp\src\Routing\Dispatcher.php(87): Cake\Routing\Dispatcher->_invoke(Object(App\Controller\Admin\UsersController))
#2 C:\xampp\htdocs\school_club\webroot\index.php(37): Cake\Routing\Dispatcher->dispatch(Object(Cake\Network\Request), Object(Cake\Network\Response))
#3 {main}


2015-08-02 12:50:03 Error: [Cake\View\Exception\MissingElementException] Element\admin_header.ctp
Request URL: /school_club/admin/Users/dashboard
Stack Trace:
#0 C:\xampp\htdocs\school_club\src\Template\Admin\Users\dashboard.ctp(2): Cake\View\View->element('admin_header')
#1 C:\xampp\htdocs\school_club\vendor\cakephp\cakephp\src\View\View.php(834): include('C:\\xampp\\htdocs...')
#2 C:\xampp\htdocs\school_club\vendor\cakephp\cakephp\src\View\View.php(794): Cake\View\View->_evaluate('C:\\xampp\\htdocs...', Array)
#3 C:\xampp\htdocs\school_club\vendor\cakephp\cakephp\src\View\View.php(465): Cake\View\View->_render('C:\\xampp\\htdocs...')
#4 C:\xampp\htdocs\school_club\vendor\cakephp\cakephp\src\Controller\Controller.php(582): Cake\View\View->render(NULL, NULL)
#5 C:\xampp\htdocs\school_club\vendor\cakephp\cakephp\src\Routing\Dispatcher.php(120): Cake\Controller\Controller->render()
#6 C:\xampp\htdocs\school_club\vendor\cakephp\cakephp\src\Routing\Dispatcher.php(87): Cake\Routing\Dispatcher->_invoke(Object(App\Controller\Admin\UsersController))
#7 C:\xampp\htdocs\school_club\webroot\index.php(37): Cake\Routing\Dispatcher->dispatch(Object(Cake\Network\Request), Object(Cake\Network\Response))
#8 {main}


2015-08-02 13:54:59 Error: [Cake\View\Exception\MissingElementException] Element\admin_header.ctp
Request URL: /school_club/admin/Users/add
Stack Trace:
#0 C:\xampp\htdocs\school_club\src\Template\Admin\Users\add.ctp(4): Cake\View\View->element('admin_header')
#1 C:\xampp\htdocs\school_club\vendor\cakephp\cakephp\src\View\View.php(834): include('C:\\xampp\\htdocs...')
#2 C:\xampp\htdocs\school_club\vendor\cakephp\cakephp\src\View\View.php(794): Cake\View\View->_evaluate('C:\\xampp\\htdocs...', Array)
#3 C:\xampp\htdocs\school_club\vendor\cakephp\cakephp\src\View\View.php(465): Cake\View\View->_render('C:\\xampp\\htdocs...')
#4 C:\xampp\htdocs\school_club\vendor\cakephp\cakephp\src\Controller\Controller.php(582): Cake\View\View->render(NULL, NULL)
#5 C:\xampp\htdocs\school_club\vendor\cakephp\cakephp\src\Routing\Dispatcher.php(120): Cake\Controller\Controller->render()
#6 C:\xampp\htdocs\school_club\vendor\cakephp\cakephp\src\Routing\Dispatcher.php(87): Cake\Routing\Dispatcher->_invoke(Object(App\Controller\Admin\UsersController))
#7 C:\xampp\htdocs\school_club\webroot\index.php(37): Cake\Routing\Dispatcher->dispatch(Object(Cake\Network\Request), Object(Cake\Network\Response))
#8 {main}


2015-08-02 13:55:24 Error: [Cake\View\Exception\MissingElementException] Element\admin\admin_side.ctp
Request URL: /school_club/admin/Users/add
Stack Trace:
#0 C:\xampp\htdocs\school_club\src\Template\Admin\Users\add.ctp(8): Cake\View\View->element('admin/admin_sid...')
#1 C:\xampp\htdocs\school_club\vendor\cakephp\cakephp\src\View\View.php(834): include('C:\\xampp\\htdocs...')
#2 C:\xampp\htdocs\school_club\vendor\cakephp\cakephp\src\View\View.php(794): Cake\View\View->_evaluate('C:\\xampp\\htdocs...', Array)
#3 C:\xampp\htdocs\school_club\vendor\cakephp\cakephp\src\View\View.php(465): Cake\View\View->_render('C:\\xampp\\htdocs...')
#4 C:\xampp\htdocs\school_club\vendor\cakephp\cakephp\src\Controller\Controller.php(582): Cake\View\View->render(NULL, NULL)
#5 C:\xampp\htdocs\school_club\vendor\cakephp\cakephp\src\Routing\Dispatcher.php(120): Cake\Controller\Controller->render()
#6 C:\xampp\htdocs\school_club\vendor\cakephp\cakephp\src\Routing\Dispatcher.php(87): Cake\Routing\Dispatcher->_invoke(Object(App\Controller\Admin\UsersController))
#7 C:\xampp\htdocs\school_club\webroot\index.php(37): Cake\Routing\Dispatcher->dispatch(Object(Cake\Network\Request), Object(Cake\Network\Response))
#8 {main}


2015-08-02 13:55:41 Error: [Cake\Routing\Exception\MissingControllerException] Controller class assets could not be found.
Exception Attributes: array (
  'class' => 'assets',
  'plugin' => NULL,
  'prefix' => 'admin',
  '_ext' => NULL,
)
Request URL: /school_club/admin/assets/jquery.cookie.js
Stack Trace:
#0 C:\xampp\htdocs\school_club\webroot\index.php(37): Cake\Routing\Dispatcher->dispatch(Object(Cake\Network\Request), Object(Cake\Network\Response))
#1 {main}


2015-08-02 13:56:32 Error: [Cake\Routing\Exception\MissingControllerException] Controller class assets could not be found.
Exception Attributes: array (
  'class' => 'assets',
  'plugin' => NULL,
  'prefix' => 'admin',
  '_ext' => NULL,
)
Request URL: /school_club/admin/assets/jquery.cookie.js
Stack Trace:
#0 C:\xampp\htdocs\school_club\webroot\index.php(37): Cake\Routing\Dispatcher->dispatch(Object(Cake\Network\Request), Object(Cake\Network\Response))
#1 {main}


2015-08-02 13:56:34 Error: [Cake\Routing\Exception\MissingControllerException] Controller class assets could not be found.
Exception Attributes: array (
  'class' => 'assets',
  'plugin' => NULL,
  'prefix' => 'admin',
  '_ext' => NULL,
)
Request URL: /school_club/admin/assets/jquery.cookie.js
Stack Trace:
#0 C:\xampp\htdocs\school_club\webroot\index.php(37): Cake\Routing\Dispatcher->dispatch(Object(Cake\Network\Request), Object(Cake\Network\Response))
#1 {main}


2015-08-02 13:58:56 Error: [Cake\Routing\Exception\MissingControllerException] Controller class assets could not be found.
Exception Attributes: array (
  'class' => 'assets',
  'plugin' => NULL,
  'prefix' => 'admin',
  '_ext' => NULL,
)
Request URL: /school_club/admin/assets/jquery.cookie.js
Stack Trace:
#0 C:\xampp\htdocs\school_club\webroot\index.php(37): Cake\Routing\Dispatcher->dispatch(Object(Cake\Network\Request), Object(Cake\Network\Response))
#1 {main}


2015-08-02 14:06:47 Error: [Cake\Routing\Exception\MissingControllerException] Controller class assets could not be found.
Exception Attributes: array (
  'class' => 'assets',
  'plugin' => NULL,
  'prefix' => 'admin',
  '_ext' => NULL,
)
Request URL: /school_club/admin/assets/jquery.cookie.js
Stack Trace:
#0 C:\xampp\htdocs\school_club\webroot\index.php(37): Cake\Routing\Dispatcher->dispatch(Object(Cake\Network\Request), Object(Cake\Network\Response))
#1 {main}


2015-08-02 14:07:16 Error: [Cake\Routing\Exception\MissingControllerException] Controller class assets could not be found.
Exception Attributes: array (
  'class' => 'assets',
  'plugin' => NULL,
  'prefix' => 'admin',
  '_ext' => NULL,
)
Request URL: /school_club/admin/assets/jquery.cookie.js
Stack Trace:
#0 C:\xampp\htdocs\school_club\webroot\index.php(37): Cake\Routing\Dispatcher->dispatch(Object(Cake\Network\Request), Object(Cake\Network\Response))
#1 {main}


2015-08-02 14:07:29 Error: [Cake\Routing\Exception\MissingControllerException] Controller class assets could not be found.
Exception Attributes: array (
  'class' => 'assets',
  'plugin' => NULL,
  'prefix' => 'admin',
  '_ext' => NULL,
)
Request URL: /school_club/admin/assets/jquery.cookie.js
Stack Trace:
#0 C:\xampp\htdocs\school_club\webroot\index.php(37): Cake\Routing\Dispatcher->dispatch(Object(Cake\Network\Request), Object(Cake\Network\Response))
#1 {main}


2015-08-02 14:07:36 Error: [Cake\Routing\Exception\MissingControllerException] Controller class assets could not be found.
Exception Attributes: array (
  'class' => 'assets',
  'plugin' => NULL,
  'prefix' => 'admin',
  '_ext' => NULL,
)
Request URL: /school_club/admin/assets/jquery.cookie.js
Stack Trace:
#0 C:\xampp\htdocs\school_club\webroot\index.php(37): Cake\Routing\Dispatcher->dispatch(Object(Cake\Network\Request), Object(Cake\Network\Response))
#1 {main}


2015-08-02 14:08:01 Error: [Cake\Routing\Exception\MissingControllerException] Controller class assets could not be found.
Exception Attributes: array (
  'class' => 'assets',
  'plugin' => NULL,
  'prefix' => 'admin',
  '_ext' => NULL,
)
Request URL: /school_club/admin/assets/jquery.cookie.js
Stack Trace:
#0 C:\xampp\htdocs\school_club\webroot\index.php(37): Cake\Routing\Dispatcher->dispatch(Object(Cake\Network\Request), Object(Cake\Network\Response))
#1 {main}


2015-08-02 14:08:20 Error: [Cake\Routing\Exception\MissingControllerException] Controller class assets could not be found.
Exception Attributes: array (
  'class' => 'assets',
  'plugin' => NULL,
  'prefix' => 'admin',
  '_ext' => NULL,
)
Request URL: /school_club/admin/assets/jquery.cookie.js
Stack Trace:
#0 C:\xampp\htdocs\school_club\webroot\index.php(37): Cake\Routing\Dispatcher->dispatch(Object(Cake\Network\Request), Object(Cake\Network\Response))
#1 {main}


2015-08-02 14:08:51 Error: [Cake\Controller\Exception\MissingActionException] Action UsersController::assets() could not be found, or is not accessible.
Exception Attributes: array (
  'controller' => 'UsersController',
  'action' => 'assets',
  'prefix' => 'admin',
  'plugin' => NULL,
)
Request URL: /school_club/admin/Users/assets/img/loading.gif
Stack Trace:
#0 C:\xampp\htdocs\school_club\vendor\cakephp\cakephp\src\Routing\Dispatcher.php(114): Cake\Controller\Controller->invokeAction()
#1 C:\xampp\htdocs\school_club\vendor\cakephp\cakephp\src\Routing\Dispatcher.php(87): Cake\Routing\Dispatcher->_invoke(Object(App\Controller\Admin\UsersController))
#2 C:\xampp\htdocs\school_club\webroot\index.php(37): Cake\Routing\Dispatcher->dispatch(Object(Cake\Network\Request), Object(Cake\Network\Response))
#3 {main}


2015-08-02 14:09:32 Error: [Cake\Routing\Exception\MissingControllerException] Controller class assets could not be found.
Exception Attributes: array (
  'class' => 'assets',
  'plugin' => NULL,
  'prefix' => 'admin',
  '_ext' => NULL,
)
Request URL: /school_club/admin/assets/jquery.cookie.js
Stack Trace:
#0 C:\xampp\htdocs\school_club\webroot\index.php(37): Cake\Routing\Dispatcher->dispatch(Object(Cake\Network\Request), Object(Cake\Network\Response))
#1 {main}


2015-08-02 14:10:32 Error: [Cake\Routing\Exception\MissingControllerException] Controller class assets could not be found.
Exception Attributes: array (
  'class' => 'assets',
  'plugin' => NULL,
  'prefix' => 'admin',
  '_ext' => NULL,
)
Request URL: /school_club/admin/assets/jquery.cookie.js
Stack Trace:
#0 C:\xampp\htdocs\school_club\webroot\index.php(37): Cake\Routing\Dispatcher->dispatch(Object(Cake\Network\Request), Object(Cake\Network\Response))
#1 {main}


2015-08-02 14:11:10 Error: [Cake\Routing\Exception\MissingControllerException] Controller class assets could not be found.
Exception Attributes: array (
  'class' => 'assets',
  'plugin' => NULL,
  'prefix' => 'admin',
  '_ext' => NULL,
)
Request URL: /school_club/admin/assets/jquery.cookie.js
Stack Trace:
#0 C:\xampp\htdocs\school_club\webroot\index.php(37): Cake\Routing\Dispatcher->dispatch(Object(Cake\Network\Request), Object(Cake\Network\Response))
#1 {main}


2015-08-02 14:11:31 Error: [Cake\Routing\Exception\MissingControllerException] Controller class assets could not be found.
Exception Attributes: array (
  'class' => 'assets',
  'plugin' => NULL,
  'prefix' => 'admin',
  '_ext' => NULL,
)
Request URL: /school_club/admin/assets/jquery.cookie.js
Stack Trace:
#0 C:\xampp\htdocs\school_club\webroot\index.php(37): Cake\Routing\Dispatcher->dispatch(Object(Cake\Network\Request), Object(Cake\Network\Response))
#1 {main}


2015-08-02 14:11:57 Error: [Cake\Routing\Exception\MissingControllerException] Controller class assets could not be found.
Exception Attributes: array (
  'class' => 'assets',
  'plugin' => NULL,
  'prefix' => 'admin',
  '_ext' => NULL,
)
Request URL: /school_club/admin/assets/jquery.cookie.js
Stack Trace:
#0 C:\xampp\htdocs\school_club\webroot\index.php(37): Cake\Routing\Dispatcher->dispatch(Object(Cake\Network\Request), Object(Cake\Network\Response))
#1 {main}


2015-08-02 14:12:14 Error: [Cake\Routing\Exception\MissingControllerException] Controller class assets could not be found.
Exception Attributes: array (
  'class' => 'assets',
  'plugin' => NULL,
  'prefix' => 'admin',
  '_ext' => NULL,
)
Request URL: /school_club/admin/assets/jquery.cookie.js
Stack Trace:
#0 C:\xampp\htdocs\school_club\webroot\index.php(37): Cake\Routing\Dispatcher->dispatch(Object(Cake\Network\Request), Object(Cake\Network\Response))
#1 {main}


2015-08-02 14:13:04 Error: [Cake\Routing\Exception\MissingControllerException] Controller class assets could not be found.
Exception Attributes: array (
  'class' => 'assets',
  'plugin' => NULL,
  'prefix' => 'admin',
  '_ext' => NULL,
)
Request URL: /school_club/admin/assets/jquery.cookie.js
Stack Trace:
#0 C:\xampp\htdocs\school_club\webroot\index.php(37): Cake\Routing\Dispatcher->dispatch(Object(Cake\Network\Request), Object(Cake\Network\Response))
#1 {main}


2015-08-02 14:16:40 Error: [Cake\Routing\Exception\MissingControllerException] Controller class assets could not be found.
Exception Attributes: array (
  'class' => 'assets',
  'plugin' => NULL,
  'prefix' => 'admin',
  '_ext' => NULL,
)
Request URL: /school_club/admin/assets/jquery.cookie.js
Stack Trace:
#0 C:\xampp\htdocs\school_club\webroot\index.php(37): Cake\Routing\Dispatcher->dispatch(Object(Cake\Network\Request), Object(Cake\Network\Response))
#1 {main}


2015-08-02 14:16:54 Error: [Cake\Controller\Exception\MissingActionException] Action UsersController::assets() could not be found, or is not accessible.
Exception Attributes: array (
  'controller' => 'UsersController',
  'action' => 'assets',
  'prefix' => 'admin',
  'plugin' => NULL,
)
Request URL: /school_club/admin/Users/assets/img/logo-big.png
Stack Trace:
#0 C:\xampp\htdocs\school_club\vendor\cakephp\cakephp\src\Routing\Dispatcher.php(114): Cake\Controller\Controller->invokeAction()
#1 C:\xampp\htdocs\school_club\vendor\cakephp\cakephp\src\Routing\Dispatcher.php(87): Cake\Routing\Dispatcher->_invoke(Object(App\Controller\Admin\UsersController))
#2 C:\xampp\htdocs\school_club\webroot\index.php(37): Cake\Routing\Dispatcher->dispatch(Object(Cake\Network\Request), Object(Cake\Network\Response))
#3 {main}


2015-08-02 14:16:59 Error: [Cake\Routing\Exception\MissingControllerException] Controller class assets could not be found.
Exception Attributes: array (
  'class' => 'assets',
  'plugin' => NULL,
  'prefix' => 'admin',
  '_ext' => NULL,
)
Request URL: /school_club/admin/assets/jquery.cookie.js
Stack Trace:
#0 C:\xampp\htdocs\school_club\webroot\index.php(37): Cake\Routing\Dispatcher->dispatch(Object(Cake\Network\Request), Object(Cake\Network\Response))
#1 {main}


2015-08-02 14:17:02 Error: [Cake\Routing\Exception\MissingControllerException] Controller class assets could not be found.
Exception Attributes: array (
  'class' => 'assets',
  'plugin' => NULL,
  'prefix' => 'admin',
  '_ext' => NULL,
)
Request URL: /school_club/admin/assets/jquery.cookie.js
Stack Trace:
#0 C:\xampp\htdocs\school_club\webroot\index.php(37): Cake\Routing\Dispatcher->dispatch(Object(Cake\Network\Request), Object(Cake\Network\Response))
#1 {main}


2015-08-02 14:17:18 Error: [Cake\Routing\Exception\MissingControllerException] Controller class assets could not be found.
Exception Attributes: array (
  'class' => 'assets',
  'plugin' => NULL,
  'prefix' => 'admin',
  '_ext' => NULL,
)
Request URL: /school_club/admin/assets/jquery.cookie.js
Stack Trace:
#0 C:\xampp\htdocs\school_club\webroot\index.php(37): Cake\Routing\Dispatcher->dispatch(Object(Cake\Network\Request), Object(Cake\Network\Response))
#1 {main}


2015-08-02 14:17:30 Error: [Cake\Routing\Exception\MissingControllerException] Controller class assets could not be found.
Exception Attributes: array (
  'class' => 'assets',
  'plugin' => NULL,
  'prefix' => 'admin',
  '_ext' => NULL,
)
Request URL: /school_club/admin/assets/jquery.cookie.js
Stack Trace:
#0 C:\xampp\htdocs\school_club\webroot\index.php(37): Cake\Routing\Dispatcher->dispatch(Object(Cake\Network\Request), Object(Cake\Network\Response))
#1 {main}


2015-08-02 14:17:46 Error: [Cake\Routing\Exception\MissingControllerException] Controller class assets could not be found.
Exception Attributes: array (
  'class' => 'assets',
  'plugin' => NULL,
  'prefix' => 'admin',
  '_ext' => NULL,
)
Request URL: /school_club/admin/assets/jquery.cookie.js
Stack Trace:
#0 C:\xampp\htdocs\school_club\webroot\index.php(37): Cake\Routing\Dispatcher->dispatch(Object(Cake\Network\Request), Object(Cake\Network\Response))
#1 {main}


2015-08-02 14:17:47 Error: [Cake\Routing\Exception\MissingControllerException] Controller class assets could not be found.
Exception Attributes: array (
  'class' => 'assets',
  'plugin' => NULL,
  'prefix' => 'admin',
  '_ext' => NULL,
)
Request URL: /school_club/admin/assets/jquery.cookie.js
Stack Trace:
#0 C:\xampp\htdocs\school_club\webroot\index.php(37): Cake\Routing\Dispatcher->dispatch(Object(Cake\Network\Request), Object(Cake\Network\Response))
#1 {main}


2015-08-02 14:18:30 Error: [Cake\Routing\Exception\MissingControllerException] Controller class assets could not be found.
Exception Attributes: array (
  'class' => 'assets',
  'plugin' => NULL,
  'prefix' => 'admin',
  '_ext' => NULL,
)
Request URL: /school_club/admin/assets/jquery.cookie.js
Stack Trace:
#0 C:\xampp\htdocs\school_club\webroot\index.php(37): Cake\Routing\Dispatcher->dispatch(Object(Cake\Network\Request), Object(Cake\Network\Response))
#1 {main}


2015-08-02 14:18:51 Error: [Cake\Routing\Exception\MissingControllerException] Controller class assets could not be found.
Exception Attributes: array (
  'class' => 'assets',
  'plugin' => NULL,
  'prefix' => 'admin',
  '_ext' => NULL,
)
Request URL: /school_club/admin/assets/jquery.cookie.js
Stack Trace:
#0 C:\xampp\htdocs\school_club\webroot\index.php(37): Cake\Routing\Dispatcher->dispatch(Object(Cake\Network\Request), Object(Cake\Network\Response))
#1 {main}


2015-08-02 14:19:06 Error: [Cake\Controller\Exception\MissingActionException] Action UsersController::assets() could not be found, or is not accessible.
Exception Attributes: array (
  'controller' => 'UsersController',
  'action' => 'assets',
  'prefix' => 'admin',
  'plugin' => NULL,
)
Request URL: /school_club/admin/Users/assets/img/logo-big.png
Stack Trace:
#0 C:\xampp\htdocs\school_club\vendor\cakephp\cakephp\src\Routing\Dispatcher.php(114): Cake\Controller\Controller->invokeAction()
#1 C:\xampp\htdocs\school_club\vendor\cakephp\cakephp\src\Routing\Dispatcher.php(87): Cake\Routing\Dispatcher->_invoke(Object(App\Controller\Admin\UsersController))
#2 C:\xampp\htdocs\school_club\webroot\index.php(37): Cake\Routing\Dispatcher->dispatch(Object(Cake\Network\Request), Object(Cake\Network\Response))
#3 {main}


2015-08-02 14:19:23 Error: [Cake\Routing\Exception\MissingControllerException] Controller class assets could not be found.
Exception Attributes: array (
  'class' => 'assets',
  'plugin' => NULL,
  'prefix' => 'admin',
  '_ext' => NULL,
)
Request URL: /school_club/admin/assets/jquery.cookie.js
Stack Trace:
#0 C:\xampp\htdocs\school_club\webroot\index.php(37): Cake\Routing\Dispatcher->dispatch(Object(Cake\Network\Request), Object(Cake\Network\Response))
#1 {main}


2015-08-02 14:19:24 Error: [Cake\Routing\Exception\MissingControllerException] Controller class assets could not be found.
Exception Attributes: array (
  'class' => 'assets',
  'plugin' => NULL,
  'prefix' => 'admin',
  '_ext' => NULL,
)
Request URL: /school_club/admin/assets/jquery.cookie.js
Stack Trace:
#0 C:\xampp\htdocs\school_club\webroot\index.php(37): Cake\Routing\Dispatcher->dispatch(Object(Cake\Network\Request), Object(Cake\Network\Response))
#1 {main}


2015-08-02 14:19:41 Error: [Cake\Routing\Exception\MissingControllerException] Controller class assets could not be found.
Exception Attributes: array (
  'class' => 'assets',
  'plugin' => NULL,
  'prefix' => 'admin',
  '_ext' => NULL,
)
Request URL: /school_club/admin/assets/jquery.cookie.js
Stack Trace:
#0 C:\xampp\htdocs\school_club\webroot\index.php(37): Cake\Routing\Dispatcher->dispatch(Object(Cake\Network\Request), Object(Cake\Network\Response))
#1 {main}


2015-08-02 14:19:43 Error: [Cake\Routing\Exception\MissingControllerException] Controller class assets could not be found.
Exception Attributes: array (
  'class' => 'assets',
  'plugin' => NULL,
  'prefix' => 'admin',
  '_ext' => NULL,
)
Request URL: /school_club/admin/assets/jquery.cookie.js
Stack Trace:
#0 C:\xampp\htdocs\school_club\webroot\index.php(37): Cake\Routing\Dispatcher->dispatch(Object(Cake\Network\Request), Object(Cake\Network\Response))
#1 {main}


2015-08-02 14:20:16 Error: [Cake\Routing\Exception\MissingControllerException] Controller class assets could not be found.
Exception Attributes: array (
  'class' => 'assets',
  'plugin' => NULL,
  'prefix' => 'admin',
  '_ext' => NULL,
)
Request URL: /school_club/admin/assets/jquery.cookie.js
Stack Trace:
#0 C:\xampp\htdocs\school_club\webroot\index.php(37): Cake\Routing\Dispatcher->dispatch(Object(Cake\Network\Request), Object(Cake\Network\Response))
#1 {main}


2015-08-02 17:16:35 Error: [Cake\Controller\Exception\MissingActionException] Action UsersController::assets() could not be found, or is not accessible.
Exception Attributes: array (
  'controller' => 'UsersController',
  'action' => 'assets',
  'prefix' => 'admin',
  'plugin' => NULL,
)
Request URL: /school_club/admin/Users/assets/img/logo-big.png
Stack Trace:
#0 C:\xampp\htdocs\school_club\vendor\cakephp\cakephp\src\Routing\Dispatcher.php(114): Cake\Controller\Controller->invokeAction()
#1 C:\xampp\htdocs\school_club\vendor\cakephp\cakephp\src\Routing\Dispatcher.php(87): Cake\Routing\Dispatcher->_invoke(Object(App\Controller\Admin\UsersController))
#2 C:\xampp\htdocs\school_club\webroot\index.php(37): Cake\Routing\Dispatcher->dispatch(Object(Cake\Network\Request), Object(Cake\Network\Response))
#3 {main}


2015-08-02 17:59:03 Error: [RuntimeException] Unable to find table class for current entity
Request URL: /school_club/admin/Users/add
Stack Trace:
#0 C:\xampp\htdocs\school_club\vendor\cakephp\cakephp\src\View\Form\EntityContext.php(100): Cake\View\Form\EntityContext->_prepare()
#1 C:\xampp\htdocs\school_club\vendor\cakephp\cakephp\src\View\Helper\FormHelper.php(266): Cake\View\Form\EntityContext->__construct(Object(Cake\Network\Request), Array)
#2 C:\xampp\htdocs\school_club\vendor\cakephp\cakephp\src\View\Helper\FormHelper.php(2495): Cake\View\Helper\FormHelper->Cake\View\Helper\{closure}(Object(Cake\Network\Request), Array)
#3 C:\xampp\htdocs\school_club\vendor\cakephp\cakephp\src\View\Helper\FormHelper.php(345): Cake\View\Helper\FormHelper->_getContext(Array)
#4 C:\xampp\htdocs\school_club\src\Template\Admin\Users\add.ctp(77): Cake\View\Helper\FormHelper->create(Array, Array)
#5 C:\xampp\htdocs\school_club\vendor\cakephp\cakephp\src\View\View.php(834): include('C:\\xampp\\htdocs...')
#6 C:\xampp\htdocs\school_club\vendor\cakephp\cakephp\src\View\View.php(794): Cake\View\View->_evaluate('C:\\xampp\\htdocs...', Array)
#7 C:\xampp\htdocs\school_club\vendor\cakephp\cakephp\src\View\View.php(465): Cake\View\View->_render('C:\\xampp\\htdocs...')
#8 C:\xampp\htdocs\school_club\vendor\cakephp\cakephp\src\Controller\Controller.php(582): Cake\View\View->render(NULL, NULL)
#9 C:\xampp\htdocs\school_club\vendor\cakephp\cakephp\src\Routing\Dispatcher.php(120): Cake\Controller\Controller->render()
#10 C:\xampp\htdocs\school_club\vendor\cakephp\cakephp\src\Routing\Dispatcher.php(87): Cake\Routing\Dispatcher->_invoke(Object(App\Controller\Admin\UsersController))
#11 C:\xampp\htdocs\school_club\webroot\index.php(37): Cake\Routing\Dispatcher->dispatch(Object(Cake\Network\Request), Object(Cake\Network\Response))
#12 {main}


2015-08-02 17:59:36 Error: [RuntimeException] Unable to find table class for current entity
Request URL: /school_club/admin/Users/add
Stack Trace:
#0 C:\xampp\htdocs\school_club\vendor\cakephp\cakephp\src\View\Form\EntityContext.php(100): Cake\View\Form\EntityContext->_prepare()
#1 C:\xampp\htdocs\school_club\vendor\cakephp\cakephp\src\View\Helper\FormHelper.php(266): Cake\View\Form\EntityContext->__construct(Object(Cake\Network\Request), Array)
#2 C:\xampp\htdocs\school_club\vendor\cakephp\cakephp\src\View\Helper\FormHelper.php(2495): Cake\View\Helper\FormHelper->Cake\View\Helper\{closure}(Object(Cake\Network\Request), Array)
#3 C:\xampp\htdocs\school_club\vendor\cakephp\cakephp\src\View\Helper\FormHelper.php(345): Cake\View\Helper\FormHelper->_getContext(Array)
#4 C:\xampp\htdocs\school_club\src\Template\Admin\Users\add.ctp(77): Cake\View\Helper\FormHelper->create(Array, Array)
#5 C:\xampp\htdocs\school_club\vendor\cakephp\cakephp\src\View\View.php(834): include('C:\\xampp\\htdocs...')
#6 C:\xampp\htdocs\school_club\vendor\cakephp\cakephp\src\View\View.php(794): Cake\View\View->_evaluate('C:\\xampp\\htdocs...', Array)
#7 C:\xampp\htdocs\school_club\vendor\cakephp\cakephp\src\View\View.php(465): Cake\View\View->_render('C:\\xampp\\htdocs...')
#8 C:\xampp\htdocs\school_club\vendor\cakephp\cakephp\src\Controller\Controller.php(582): Cake\View\View->render(NULL, NULL)
#9 C:\xampp\htdocs\school_club\vendor\cakephp\cakephp\src\Routing\Dispatcher.php(120): Cake\Controller\Controller->render()
#10 C:\xampp\htdocs\school_club\vendor\cakephp\cakephp\src\Routing\Dispatcher.php(87): Cake\Routing\Dispatcher->_invoke(Object(App\Controller\Admin\UsersController))
#11 C:\xampp\htdocs\school_club\webroot\index.php(37): Cake\Routing\Dispatcher->dispatch(Object(Cake\Network\Request), Object(Cake\Network\Response))
#12 {main}


2015-08-02 18:09:11 Error: [BadMethodCallException] Unknown method "validationErrors"
Request URL: /school_club/admin/Users/add
Stack Trace:
#0 C:\xampp\htdocs\school_club\src\Controller\Admin\UsersController.php(89): Cake\ORM\Table->__call('validationError...', Array)
#1 C:\xampp\htdocs\school_club\src\Controller\Admin\UsersController.php(89): App\Model\Table\UsersTable->validationErrors()
#2 [internal function]: App\Controller\Admin\UsersController->add()
#3 C:\xampp\htdocs\school_club\vendor\cakephp\cakephp\src\Controller\Controller.php(411): call_user_func_array(Array, Array)
#4 C:\xampp\htdocs\school_club\vendor\cakephp\cakephp\src\Routing\Dispatcher.php(114): Cake\Controller\Controller->invokeAction()
#5 C:\xampp\htdocs\school_club\vendor\cakephp\cakephp\src\Routing\Dispatcher.php(87): Cake\Routing\Dispatcher->_invoke(Object(App\Controller\Admin\UsersController))
#6 C:\xampp\htdocs\school_club\webroot\index.php(37): Cake\Routing\Dispatcher->dispatch(Object(Cake\Network\Request), Object(Cake\Network\Response))
#7 {main}


2015-08-02 18:11:59 Error: [Cake\Database\Exception] SQLSTATE[42S02]: Base table or view not found: 1146 Table 'school_club.owners' doesn't exist
Request URL: /school_club/admin/Users/add
Stack Trace:
#0 C:\xampp\htdocs\school_club\vendor\cakephp\cakephp\src\Database\Schema\Collection.php(96): Cake\Database\Schema\Collection->_reflect('Column', 'owners', Array, Object(Cake\Database\Schema\Table))
#1 C:\xampp\htdocs\school_club\vendor\cakephp\cakephp\src\Database\Schema\CachedCollection.php(65): Cake\Database\Schema\Collection->describe('owners', Array)
#2 C:\xampp\htdocs\school_club\vendor\cakephp\cakephp\src\ORM\Table.php(426): Cake\Database\Schema\CachedCollection->describe('owners')
#3 [internal function]: Cake\ORM\Table->schema()
#4 C:\xampp\htdocs\school_club\vendor\cakephp\cakephp\src\ORM\Association.php(867): call_user_func_array(Array, Array)
#5 C:\xampp\htdocs\school_club\vendor\cakephp\cakephp\src\ORM\Rule\ExistsIn.php(82): Cake\ORM\Association->__call('schema', Array)
#6 C:\xampp\htdocs\school_club\vendor\cakephp\cakephp\src\ORM\Rule\ExistsIn.php(82): Cake\ORM\Association\BelongsTo->schema()
#7 C:\xampp\htdocs\school_club\vendor\cakephp\cakephp\src\Datasource\RulesChecker.php(314): Cake\ORM\Rule\ExistsIn->__invoke(Object(App\Model\Entity\User), Array)
#8 C:\xampp\htdocs\school_club\vendor\cakephp\cakephp\src\Datasource\RulesChecker.php(314): Cake\Datasource\RulesChecker->Cake\Datasource\{closure}(Object(App\Model\Entity\User), Array)
#9 C:\xampp\htdocs\school_club\vendor\cakephp\cakephp\src\Datasource\RulesChecker.php(256): Cake\Datasource\RulesChecker->Cake\Datasource\{closure}(Object(App\Model\Entity\User), Array)
#10 C:\xampp\htdocs\school_club\vendor\cakephp\cakephp\src\Datasource\RulesChecker.php(229): Cake\Datasource\RulesChecker->checkCreate(Object(App\Model\Entity\User), Array)
#11 C:\xampp\htdocs\school_club\vendor\cakephp\cakephp\src\Datasource\RulesAwareTrait.php(67): Cake\Datasource\RulesChecker->check(Object(App\Model\Entity\User), 'create', Array)
#12 C:\xampp\htdocs\school_club\vendor\cakephp\cakephp\src\ORM\Table.php(1409): Cake\ORM\Table->checkRules(Object(App\Model\Entity\User), 'create', Object(ArrayObject))
#13 C:\xampp\htdocs\school_club\vendor\cakephp\cakephp\src\ORM\Table.php(1366): Cake\ORM\Table->_processSave(Object(App\Model\Entity\User), Object(ArrayObject))
#14 C:\xampp\htdocs\school_club\vendor\cakephp\cakephp\src\Database\Connection.php(561): Cake\ORM\Table->Cake\ORM\{closure}(Object(Cake\Database\Connection))
#15 C:\xampp\htdocs\school_club\vendor\cakephp\cakephp\src\ORM\Table.php(1367): Cake\Database\Connection->transactional(Object(Closure))
#16 C:\xampp\htdocs\school_club\src\Controller\Admin\UsersController.php(92): Cake\ORM\Table->save(Object(App\Model\Entity\User))
#17 [internal function]: App\Controller\Admin\UsersController->add()
#18 C:\xampp\htdocs\school_club\vendor\cakephp\cakephp\src\Controller\Controller.php(411): call_user_func_array(Array, Array)
#19 C:\xampp\htdocs\school_club\vendor\cakephp\cakephp\src\Routing\Dispatcher.php(114): Cake\Controller\Controller->invokeAction()
#20 C:\xampp\htdocs\school_club\vendor\cakephp\cakephp\src\Routing\Dispatcher.php(87): Cake\Routing\Dispatcher->_invoke(Object(App\Controller\Admin\UsersController))
#21 C:\xampp\htdocs\school_club\webroot\index.php(37): Cake\Routing\Dispatcher->dispatch(Object(Cake\Network\Request), Object(Cake\Network\Response))
#22 {main}


2015-08-02 18:14:00 Error: Fatal Error (1): Call to a member function schema() on a non-object in [C:\xampp\htdocs\school_club\vendor\cakephp\cakephp\src\ORM\Rule\ExistsIn.php, line 82]
Trace:
Cake\Error\BaseErrorHandler::handleFatalError() - CORE\src\Error\BaseErrorHandler.php, line 192
Cake\Error\BaseErrorHandler::Cake\Error\{closure}() - CORE\src\Error\BaseErrorHandler.php, line 91
[main] - [internal], line ??



2015-08-02 18:14:01 Error: [Cake\Error\FatalErrorException] Call to a member function schema() on a non-object
Request URL: /school_club/admin/Users/add
Stack Trace:
#0 C:\xampp\htdocs\school_club\vendor\cakephp\cakephp\src\Error\BaseErrorHandler.php(91): Cake\Error\BaseErrorHandler->handleFatalError(1, 'Call to a membe...', 'C:\\xampp\\htdocs...', 82)
#1 [internal function]: Cake\Error\BaseErrorHandler->Cake\Error\{closure}()
#2 {main}


2015-08-02 18:31:10 Error: [Cake\Database\Exception] SQLSTATE[42S02]: Base table or view not found: 1146 Table 'school_club.group' doesn't exist
Request URL: /school_club/admin/Users/add
Stack Trace:
#0 C:\xampp\htdocs\school_club\vendor\cakephp\cakephp\src\Database\Schema\Collection.php(96): Cake\Database\Schema\Collection->_reflect('Column', 'group', Array, Object(Cake\Database\Schema\Table))
#1 C:\xampp\htdocs\school_club\vendor\cakephp\cakephp\src\Database\Schema\CachedCollection.php(65): Cake\Database\Schema\Collection->describe('group', Array)
#2 C:\xampp\htdocs\school_club\vendor\cakephp\cakephp\src\ORM\Table.php(426): Cake\Database\Schema\CachedCollection->describe('group')
#3 C:\xampp\htdocs\school_club\vendor\cakephp\cakephp\src\ORM\Query.php(141): Cake\ORM\Table->schema()
#4 C:\xampp\htdocs\school_club\vendor\cakephp\cakephp\src\ORM\Query.php(123): Cake\ORM\Query->addDefaultTypes(Object(Cake\ORM\Table))
#5 C:\xampp\htdocs\school_club\vendor\cakephp\cakephp\src\ORM\Table.php(1217): Cake\ORM\Query->__construct(Object(Cake\Database\Connection), Object(Cake\ORM\Table))
#6 C:\xampp\htdocs\school_club\vendor\cakephp\cakephp\src\ORM\Table.php(921): Cake\ORM\Table->query()
#7 C:\xampp\htdocs\school_club\src\Controller\Admin\UsersController.php(101): Cake\ORM\Table->find()
#8 [internal function]: App\Controller\Admin\UsersController->add()
#9 C:\xampp\htdocs\school_club\vendor\cakephp\cakephp\src\Controller\Controller.php(411): call_user_func_array(Array, Array)
#10 C:\xampp\htdocs\school_club\vendor\cakephp\cakephp\src\Routing\Dispatcher.php(114): Cake\Controller\Controller->invokeAction()
#11 C:\xampp\htdocs\school_club\vendor\cakephp\cakephp\src\Routing\Dispatcher.php(87): Cake\Routing\Dispatcher->_invoke(Object(App\Controller\Admin\UsersController))
#12 C:\xampp\htdocs\school_club\webroot\index.php(37): Cake\Routing\Dispatcher->dispatch(Object(Cake\Network\Request), Object(Cake\Network\Response))
#13 {main}


2015-08-02 18:33:39 Error: Fatal Error (1): Call to a member function select() on a non-object in [C:\xampp\htdocs\school_club\src\Controller\Admin\UsersController.php, line 101]
Trace:
Cake\Error\BaseErrorHandler::handleFatalError() - CORE\src\Error\BaseErrorHandler.php, line 192
Cake\Error\BaseErrorHandler::Cake\Error\{closure}() - CORE\src\Error\BaseErrorHandler.php, line 91
[main] - [internal], line ??



2015-08-02 18:33:40 Error: [Cake\Error\FatalErrorException] Call to a member function select() on a non-object
Request URL: /school_club/admin/Users/add
Stack Trace:
#0 C:\xampp\htdocs\school_club\vendor\cakephp\cakephp\src\Error\BaseErrorHandler.php(91): Cake\Error\BaseErrorHandler->handleFatalError(1, 'Call to a membe...', 'C:\\xampp\\htdocs...', 101)
#1 [internal function]: Cake\Error\BaseErrorHandler->Cake\Error\{closure}()
#2 {main}


2015-08-02 18:46:00 Error: [BadMethodCallException] Unknown method "list"
Request URL: /school_club/admin/Users/add
Stack Trace:
#0 C:\xampp\htdocs\school_club\vendor\cakephp\cakephp\src\ORM\Query.php(800): Cake\ORM\Query->_call('list', Array)
#1 C:\xampp\htdocs\school_club\src\Controller\Admin\UsersController.php(101): Cake\ORM\Query->__call('list', Array)
#2 C:\xampp\htdocs\school_club\src\Controller\Admin\UsersController.php(101): Cake\ORM\Query->list()
#3 [internal function]: App\Controller\Admin\UsersController->add()
#4 C:\xampp\htdocs\school_club\vendor\cakephp\cakephp\src\Controller\Controller.php(411): call_user_func_array(Array, Array)
#5 C:\xampp\htdocs\school_club\vendor\cakephp\cakephp\src\Routing\Dispatcher.php(114): Cake\Controller\Controller->invokeAction()
#6 C:\xampp\htdocs\school_club\vendor\cakephp\cakephp\src\Routing\Dispatcher.php(87): Cake\Routing\Dispatcher->_invoke(Object(App\Controller\Admin\UsersController))
#7 C:\xampp\htdocs\school_club\webroot\index.php(37): Cake\Routing\Dispatcher->dispatch(Object(Cake\Network\Request), Object(Cake\Network\Response))
#8 {main}


2015-08-02 18:48:06 Error: Fatal Error (1): Function name must be a string in [C:\xampp\htdocs\school_club\vendor\cakephp\cakephp\src\Collection\Iterator\ExtractIterator.php, line 69]
Trace:
Cake\Error\BaseErrorHandler::handleFatalError() - CORE\src\Error\BaseErrorHandler.php, line 192
Cake\Error\BaseErrorHandler::Cake\Error\{closure}() - CORE\src\Error\BaseErrorHandler.php, line 91
[main] - [internal], line ??



2015-08-02 18:48:07 Error: [Cake\Error\FatalErrorException] Function name must be a string
Request URL: /school_club/admin/Users/add
Stack Trace:
#0 C:\xampp\htdocs\school_club\vendor\cakephp\cakephp\src\Error\BaseErrorHandler.php(91): Cake\Error\BaseErrorHandler->handleFatalError(1, 'Function name m...', 'C:\\xampp\\htdocs...', 69)
#1 [internal function]: Cake\Error\BaseErrorHandler->Cake\Error\{closure}()
#2 {main}


2015-08-02 18:50:41 Error: Fatal Error (1): Class 'id' not found in [C:\xampp\htdocs\school_club\vendor\cakephp\cakephp\src\Collection\Iterator\ExtractIterator.php, line 69]
Trace:
Cake\Error\BaseErrorHandler::handleFatalError() - CORE\src\Error\BaseErrorHandler.php, line 192
Cake\Error\BaseErrorHandler::Cake\Error\{closure}() - CORE\src\Error\BaseErrorHandler.php, line 91
[main] - [internal], line ??



2015-08-02 18:50:42 Error: [Cake\Error\FatalErrorException] Class 'id' not found
Request URL: /school_club/admin/Users/add
Stack Trace:
#0 C:\xampp\htdocs\school_club\vendor\cakephp\cakephp\src\Error\BaseErrorHandler.php(91): Cake\Error\BaseErrorHandler->handleFatalError(1, 'Class 'id' not ...', 'C:\\xampp\\htdocs...', 69)
#1 [internal function]: Cake\Error\BaseErrorHandler->Cake\Error\{closure}()
#2 {main}


